{"/home/travis/build/npmtest/node-npmtest-mongorito/test.js":{"path":"/home/travis/build/npmtest/node-npmtest-mongorito/test.js","s":{"1":2,"2":2,"3":2,"4":2,"5":2,"6":2,"7":2,"8":1,"9":2,"10":2,"11":1,"12":1,"13":1,"14":1,"15":2,"16":2,"17":2,"18":2,"19":1,"20":1,"21":2,"22":2,"23":2,"24":1,"25":1,"26":1,"27":1,"28":1,"29":1,"30":1,"31":1,"32":1,"33":1,"34":1,"35":1,"36":1,"37":2,"38":2,"39":1,"40":2,"41":2,"42":1,"43":2,"44":2,"45":1,"46":2,"47":2,"48":1,"49":1,"50":1,"51":1,"52":1},"b":{"1":[2,1,1,1],"2":[1,1,1,1],"3":[1,1],"4":[1,1],"5":[1,1],"6":[1,1],"7":[1,1],"8":[1,1],"9":[1,1,1],"10":[1,1],"11":[1,1],"12":[1,1],"13":[1,1],"14":[1,1],"15":[1,1],"16":[1,1]},"f":{"1":2,"2":2,"3":2,"4":2,"5":2,"6":1,"7":1,"8":2,"9":2,"10":2,"11":2,"12":1},"fnMap":{"1":{"name":"(anonymous_1)","line":12,"loc":{"start":{"line":12,"column":1},"end":{"line":12,"column":13}}},"2":{"name":"(anonymous_2)","line":19,"loc":{"start":{"line":19,"column":5},"end":{"line":19,"column":17}}},"3":{"name":"(anonymous_3)","line":23,"loc":{"start":{"line":23,"column":24},"end":{"line":23,"column":36}}},"4":{"name":"(anonymous_4)","line":61,"loc":{"start":{"line":61,"column":5},"end":{"line":61,"column":17}}},"5":{"name":"(anonymous_5)","line":82,"loc":{"start":{"line":82,"column":5},"end":{"line":82,"column":17}}},"6":{"name":"(anonymous_6)","line":102,"loc":{"start":{"line":102,"column":83},"end":{"line":105,"column":10}},"skip":true},"7":{"name":"(anonymous_7)","line":113,"loc":{"start":{"line":113,"column":77},"end":{"line":116,"column":10}},"skip":true},"8":{"name":"(anonymous_8)","line":129,"loc":{"start":{"line":129,"column":12},"end":{"line":129,"column":40}},"skip":true},"9":{"name":"(anonymous_9)","line":137,"loc":{"start":{"line":137,"column":77},"end":{"line":140,"column":10}},"skip":true},"10":{"name":"(anonymous_10)","line":148,"loc":{"start":{"line":148,"column":83},"end":{"line":151,"column":10}},"skip":true},"11":{"name":"(anonymous_11)","line":159,"loc":{"start":{"line":159,"column":79},"end":{"line":162,"column":10}},"skip":true},"12":{"name":"(anonymous_12)","line":170,"loc":{"start":{"line":170,"column":75},"end":{"line":173,"column":10}},"skip":true}},"statementMap":{"1":{"start":{"line":12,"column":0},"end":{"line":185,"column":5}},"2":{"start":{"line":14,"column":4},"end":{"line":14,"column":14}},"3":{"start":{"line":19,"column":4},"end":{"line":56,"column":9}},"4":{"start":{"line":21,"column":8},"end":{"line":21,"column":19}},"5":{"start":{"line":23,"column":8},"end":{"line":35,"column":13}},"6":{"start":{"line":24,"column":12},"end":{"line":34,"column":13}},"7":{"start":{"line":25,"column":16},"end":{"line":28,"column":30}},"8":{"start":{"line":30,"column":16},"end":{"line":33,"column":27}},"9":{"start":{"line":37,"column":8},"end":{"line":39,"column":21}},"10":{"start":{"line":40,"column":8},"end":{"line":53,"column":9}},"11":{"start":{"line":43,"column":12},"end":{"line":46,"column":14}},"12":{"start":{"line":47,"column":12},"end":{"line":47,"column":18}},"13":{"start":{"line":50,"column":12},"end":{"line":51,"column":46}},"14":{"start":{"line":52,"column":12},"end":{"line":52,"column":18}},"15":{"start":{"line":55,"column":8},"end":{"line":55,"column":35}},"16":{"start":{"line":61,"column":4},"end":{"line":63,"column":9}},"17":{"start":{"line":62,"column":8},"end":{"line":62,"column":15}},"18":{"start":{"line":64,"column":4},"end":{"line":77,"column":5}},"19":{"start":{"line":70,"column":8},"end":{"line":70,"column":14}},"20":{"start":{"line":76,"column":8},"end":{"line":76,"column":14}},"21":{"start":{"line":82,"column":4},"end":{"line":84,"column":9}},"22":{"start":{"line":83,"column":8},"end":{"line":83,"column":15}},"23":{"start":{"line":85,"column":4},"end":{"line":184,"column":5}},"24":{"start":{"line":92,"column":8},"end":{"line":94,"column":63}},"25":{"start":{"line":95,"column":8},"end":{"line":95,"column":14}},"26":{"start":{"line":102,"column":8},"end":{"line":111,"column":10},"skip":true},"27":{"start":{"line":109,"column":12},"end":{"line":109,"column":55},"skip":true},"28":{"start":{"line":110,"column":12},"end":{"line":110,"column":48},"skip":true},"29":{"start":{"line":113,"column":8},"end":{"line":126,"column":10},"skip":true},"30":{"start":{"line":120,"column":12},"end":{"line":120,"column":76},"skip":true},"31":{"start":{"line":121,"column":12},"end":{"line":121,"column":73},"skip":true},"32":{"start":{"line":122,"column":12},"end":{"line":122,"column":74},"skip":true},"33":{"start":{"line":123,"column":12},"end":{"line":123,"column":79},"skip":true},"34":{"start":{"line":124,"column":12},"end":{"line":124,"column":25},"skip":true},"35":{"start":{"line":125,"column":12},"end":{"line":125,"column":45},"skip":true},"36":{"start":{"line":128,"column":8},"end":{"line":135,"column":14},"skip":true},"37":{"start":{"line":133,"column":16},"end":{"line":133,"column":29},"skip":true},"38":{"start":{"line":134,"column":16},"end":{"line":134,"column":55},"skip":true},"39":{"start":{"line":137,"column":8},"end":{"line":146,"column":10},"skip":true},"40":{"start":{"line":144,"column":12},"end":{"line":144,"column":25},"skip":true},"41":{"start":{"line":145,"column":12},"end":{"line":145,"column":45},"skip":true},"42":{"start":{"line":148,"column":8},"end":{"line":157,"column":10},"skip":true},"43":{"start":{"line":155,"column":12},"end":{"line":155,"column":25},"skip":true},"44":{"start":{"line":156,"column":12},"end":{"line":156,"column":48},"skip":true},"45":{"start":{"line":159,"column":8},"end":{"line":168,"column":10},"skip":true},"46":{"start":{"line":166,"column":12},"end":{"line":166,"column":25},"skip":true},"47":{"start":{"line":167,"column":12},"end":{"line":167,"column":46},"skip":true},"48":{"start":{"line":170,"column":8},"end":{"line":179,"column":10},"skip":true},"49":{"start":{"line":177,"column":12},"end":{"line":177,"column":94},"skip":true},"50":{"start":{"line":178,"column":12},"end":{"line":178,"column":48},"skip":true},"51":{"start":{"line":182,"column":8},"end":{"line":182,"column":35},"skip":true},"52":{"start":{"line":183,"column":8},"end":{"line":183,"column":14},"skip":true}},"branchMap":{"1":{"line":25,"type":"binary-expr","locations":[{"start":{"line":25,"column":23},"end":{"line":25,"column":62}},{"start":{"line":26,"column":20},"end":{"line":26,"column":70}},{"start":{"line":27,"column":20},"end":{"line":27,"column":71}},{"start":{"line":28,"column":20},"end":{"line":28,"column":29}}]},"2":{"line":30,"type":"binary-expr","locations":[{"start":{"line":30,"column":23},"end":{"line":30,"column":37}},{"start":{"line":31,"column":20},"end":{"line":31,"column":61}},{"start":{"line":32,"column":20},"end":{"line":32,"column":70}},{"start":{"line":33,"column":20},"end":{"line":33,"column":26}}]},"3":{"line":37,"type":"cond-expr","locations":[{"start":{"line":38,"column":14},"end":{"line":38,"column":20}},{"start":{"line":39,"column":14},"end":{"line":39,"column":20}}]},"4":{"line":40,"type":"switch","locations":[{"start":{"line":42,"column":8},"end":{"line":47,"column":18}},{"start":{"line":49,"column":8},"end":{"line":52,"column":18}}]},"5":{"line":44,"type":"binary-expr","locations":[{"start":{"line":44,"column":16},"end":{"line":44,"column":44}},{"start":{"line":44,"column":48},"end":{"line":44,"column":66}}]},"6":{"line":50,"type":"binary-expr","locations":[{"start":{"line":50,"column":21},"end":{"line":50,"column":49}},{"start":{"line":50,"column":53},"end":{"line":50,"column":72}}]},"7":{"line":64,"type":"switch","locations":[{"start":{"line":69,"column":4},"end":{"line":70,"column":14}},{"start":{"line":75,"column":4},"end":{"line":76,"column":14}}]},"8":{"line":85,"type":"switch","locations":[{"start":{"line":90,"column":4},"end":{"line":95,"column":14}},{"start":{"line":101,"column":4},"end":{"line":183,"column":14},"skip":true}]},"9":{"line":92,"type":"binary-expr","locations":[{"start":{"line":92,"column":18},"end":{"line":92,"column":32}},{"start":{"line":93,"column":12},"end":{"line":93,"column":53}},{"start":{"line":94,"column":12},"end":{"line":94,"column":61}}]},"10":{"line":102,"type":"binary-expr","locations":[{"start":{"line":102,"column":45},"end":{"line":102,"column":79},"skip":true},{"start":{"line":102,"column":83},"end":{"line":111,"column":9},"skip":true}]},"11":{"line":113,"type":"binary-expr","locations":[{"start":{"line":113,"column":42},"end":{"line":113,"column":73},"skip":true},{"start":{"line":113,"column":77},"end":{"line":126,"column":9},"skip":true}]},"12":{"line":128,"type":"binary-expr","locations":[{"start":{"line":128,"column":48},"end":{"line":128,"column":85},"skip":true},{"start":{"line":129,"column":12},"end":{"line":135,"column":13},"skip":true}]},"13":{"line":137,"type":"binary-expr","locations":[{"start":{"line":137,"column":42},"end":{"line":137,"column":73},"skip":true},{"start":{"line":137,"column":77},"end":{"line":146,"column":9},"skip":true}]},"14":{"line":148,"type":"binary-expr","locations":[{"start":{"line":148,"column":45},"end":{"line":148,"column":79},"skip":true},{"start":{"line":148,"column":83},"end":{"line":157,"column":9},"skip":true}]},"15":{"line":159,"type":"binary-expr","locations":[{"start":{"line":159,"column":43},"end":{"line":159,"column":75},"skip":true},{"start":{"line":159,"column":79},"end":{"line":168,"column":9},"skip":true}]},"16":{"line":170,"type":"binary-expr","locations":[{"start":{"line":170,"column":41},"end":{"line":170,"column":71},"skip":true},{"start":{"line":170,"column":75},"end":{"line":179,"column":9},"skip":true}]}},"code":["/* istanbul instrument in package npmtest_mongorito */","/*jslint","    bitwise: true,","    browser: true,","    maxerr: 8,","    maxlen: 96,","    node: true,","    nomen: true,","    regexp: true,","    stupid: true","*/","(function () {","    'use strict';","    var local;","","","","    // run shared js-env code - pre-init","    (function () {","        // init local","        local = {};","        // init modeJs","        local.modeJs = (function () {","            try {","                return typeof navigator.userAgent === 'string' &&","                    typeof document.querySelector('body') === 'object' &&","                    typeof XMLHttpRequest.prototype.open === 'function' &&","                    'browser';","            } catch (errorCaughtBrowser) {","                return module.exports &&","                    typeof process.versions.node === 'string' &&","                    typeof require('http').createServer === 'function' &&","                    'node';","            }","        }());","        // init global","        local.global = local.modeJs === 'browser'","            ? window","            : global;","        switch (local.modeJs) {","        // re-init local from window.local","        case 'browser':","            local = local.global.utility2.objectSetDefault(","                local.global.utility2_rollup || local.global.local,","                local.global.utility2","            );","            break;","        // re-init local from example.js","        case 'node':","            local = (local.global.utility2_rollup || require('utility2'))","                .requireExampleJsFromReadme();","            break;","        }","        // export local","        local.global.local = local;","    }());","","","","    // run shared js-env code - function","    (function () {","        return;","    }());","    switch (local.modeJs) {","","","","    // run browser js-env code - function","    case 'browser':","        break;","","","","    // run node js-env code - function","    case 'node':","        break;","    }","","","","    // run shared js-env code - post-init","    (function () {","        return;","    }());","    switch (local.modeJs) {","","","","    // run browser js-env code - post-init","    case 'browser':","        // run tests","        local.nop(local.modeTest &&","            document.querySelector('#testRunButton1') &&","            document.querySelector('#testRunButton1').click());","        break;","","","","    // run node js-env code - post-init","    /* istanbul ignore next */","    case 'node':","        local.testCase_buildApidoc_default = local.testCase_buildApidoc_default || function (","            options,","            onError","        ) {","        /*","         * this function will test buildApidoc's default handling-behavior-behavior","         */","            options = { modulePathList: module.paths };","            local.buildApidoc(options, onError);","        };","","        local.testCase_buildApp_default = local.testCase_buildApp_default || function (","            options,","            onError","        ) {","        /*","         * this function will test buildApp's default handling-behavior-behavior","         */","            local.testCase_buildReadme_default(options, local.onErrorThrow);","            local.testCase_buildLib_default(options, local.onErrorThrow);","            local.testCase_buildTest_default(options, local.onErrorThrow);","            local.testCase_buildCustomOrg_default(options, local.onErrorThrow);","            options = [];","            local.buildApp(options, onError);","        };","","        local.testCase_buildCustomOrg_default = local.testCase_buildCustomOrg_default ||","            function (options, onError) {","            /*","             * this function will test buildCustomOrg's default handling-behavior","             */","                options = {};","                local.buildCustomOrg(options, onError);","            };","","        local.testCase_buildLib_default = local.testCase_buildLib_default || function (","            options,","            onError","        ) {","        /*","         * this function will test buildLib's default handling-behavior","         */","            options = {};","            local.buildLib(options, onError);","        };","","        local.testCase_buildReadme_default = local.testCase_buildReadme_default || function (","            options,","            onError","        ) {","        /*","         * this function will test buildReadme's default handling-behavior-behavior","         */","            options = {};","            local.buildReadme(options, onError);","        };","","        local.testCase_buildTest_default = local.testCase_buildTest_default || function (","            options,","            onError","        ) {","        /*","         * this function will test buildTest's default handling-behavior","         */","            options = {};","            local.buildTest(options, onError);","        };","","        local.testCase_webpage_default = local.testCase_webpage_default || function (","            options,","            onError","        ) {","        /*","         * this function will test webpage's default handling-behavior","         */","            options = { modeCoverageMerge: true, url: local.serverLocalHost + '?modeTest=1' };","            local.browserTest(options, onError);","        };","","        // run test-server","        local.testRunServer(local);","        break;","    }","}());",""],"l":{"12":2,"14":2,"19":2,"21":2,"23":2,"24":2,"25":2,"30":1,"37":2,"40":2,"43":1,"47":1,"50":1,"52":1,"55":2,"61":2,"62":2,"64":2,"70":1,"76":1,"82":2,"83":2,"85":2,"92":1,"95":1,"102":1,"109":1,"110":1,"113":1,"120":1,"121":1,"122":1,"123":1,"124":1,"125":1,"128":1,"133":2,"134":2,"137":1,"144":2,"145":2,"148":1,"155":2,"156":2,"159":1,"166":2,"167":2,"170":1,"177":1,"178":1,"182":1,"183":1}},"/home/travis/build/npmtest/node-npmtest-mongorito/lib.npmtest_mongorito.js":{"path":"/home/travis/build/npmtest/node-npmtest-mongorito/lib.npmtest_mongorito.js","s":{"1":2,"2":2,"3":2,"4":2,"5":2,"6":2,"7":2,"8":1,"9":2,"10":2,"11":2,"12":2,"13":1,"14":1,"15":1,"16":1},"b":{"1":[2,1,1,1],"2":[1,1,1,1],"3":[1,1],"4":[2,2],"5":[1,1]},"f":{"1":2,"2":2,"3":2},"fnMap":{"1":{"name":"(anonymous_1)","line":12,"loc":{"start":{"line":12,"column":1},"end":{"line":12,"column":13}}},"2":{"name":"(anonymous_2)","line":19,"loc":{"start":{"line":19,"column":5},"end":{"line":19,"column":17}}},"3":{"name":"(anonymous_3)","line":23,"loc":{"start":{"line":23,"column":24},"end":{"line":23,"column":36}}}},"statementMap":{"1":{"start":{"line":12,"column":0},"end":{"line":53,"column":5}},"2":{"start":{"line":14,"column":4},"end":{"line":14,"column":14}},"3":{"start":{"line":19,"column":4},"end":{"line":52,"column":9}},"4":{"start":{"line":21,"column":8},"end":{"line":21,"column":19}},"5":{"start":{"line":23,"column":8},"end":{"line":35,"column":13}},"6":{"start":{"line":24,"column":12},"end":{"line":34,"column":13}},"7":{"start":{"line":25,"column":16},"end":{"line":28,"column":30}},"8":{"start":{"line":30,"column":16},"end":{"line":33,"column":27}},"9":{"start":{"line":37,"column":8},"end":{"line":39,"column":21}},"10":{"start":{"line":41,"column":8},"end":{"line":41,"column":54}},"11":{"start":{"line":43,"column":8},"end":{"line":43,"column":54}},"12":{"start":{"line":45,"column":8},"end":{"line":51,"column":9}},"13":{"start":{"line":46,"column":12},"end":{"line":46,"column":60}},"14":{"start":{"line":48,"column":12},"end":{"line":48,"column":35}},"15":{"start":{"line":49,"column":12},"end":{"line":49,"column":49}},"16":{"start":{"line":50,"column":12},"end":{"line":50,"column":43}}},"branchMap":{"1":{"line":25,"type":"binary-expr","locations":[{"start":{"line":25,"column":23},"end":{"line":25,"column":62}},{"start":{"line":26,"column":20},"end":{"line":26,"column":70}},{"start":{"line":27,"column":20},"end":{"line":27,"column":71}},{"start":{"line":28,"column":20},"end":{"line":28,"column":29}}]},"2":{"line":30,"type":"binary-expr","locations":[{"start":{"line":30,"column":23},"end":{"line":30,"column":37}},{"start":{"line":31,"column":20},"end":{"line":31,"column":61}},{"start":{"line":32,"column":20},"end":{"line":32,"column":70}},{"start":{"line":33,"column":20},"end":{"line":33,"column":26}}]},"3":{"line":37,"type":"cond-expr","locations":[{"start":{"line":38,"column":14},"end":{"line":38,"column":20}},{"start":{"line":39,"column":14},"end":{"line":39,"column":20}}]},"4":{"line":41,"type":"binary-expr","locations":[{"start":{"line":41,"column":16},"end":{"line":41,"column":44}},{"start":{"line":41,"column":48},"end":{"line":41,"column":53}}]},"5":{"line":45,"type":"if","locations":[{"start":{"line":45,"column":8},"end":{"line":45,"column":8}},{"start":{"line":45,"column":8},"end":{"line":45,"column":8}}]}},"code":["/* istanbul instrument in package npmtest_mongorito */","/*jslint","    bitwise: true,","    browser: true,","    maxerr: 8,","    maxlen: 96,","    node: true,","    nomen: true,","    regexp: true,","    stupid: true","*/","(function () {","    'use strict';","    var local;","","","","    // run shared js-env code - pre-init","    (function () {","        // init local","        local = {};","        // init modeJs","        local.modeJs = (function () {","            try {","                return typeof navigator.userAgent === 'string' &&","                    typeof document.querySelector('body') === 'object' &&","                    typeof XMLHttpRequest.prototype.open === 'function' &&","                    'browser';","            } catch (errorCaughtBrowser) {","                return module.exports &&","                    typeof process.versions.node === 'string' &&","                    typeof require('http').createServer === 'function' &&","                    'node';","            }","        }());","        // init global","        local.global = local.modeJs === 'browser'","            ? window","            : global;","        // init utility2_rollup","        local = local.global.utility2_rollup || local;","        // init lib","        local.local = local.npmtest_mongorito = local;","        // init exports","        if (local.modeJs === 'browser') {","            local.global.utility2_npmtest_mongorito = local;","        } else {","            module.exports = local;","            module.exports.__dirname = __dirname;","            module.exports.module = module;","        }","    }());","}());",""],"l":{"12":2,"14":2,"19":2,"21":2,"23":2,"24":2,"25":2,"30":1,"37":2,"41":2,"43":2,"45":2,"46":1,"48":1,"49":1,"50":1}},"/home/travis/build/npmtest/node-npmtest-mongorito/example.js":{"path":"/home/travis/build/npmtest/node-npmtest-mongorito/example.js","s":{"1":2,"2":2,"3":2,"4":2,"5":2,"6":2,"7":2,"8":1,"9":2,"10":2,"11":2,"12":2,"13":1,"14":2,"15":2,"16":2,"17":2,"18":2,"19":0,"20":2,"21":1,"22":1,"23":1,"24":1,"25":1,"26":0,"27":0,"28":1,"29":1,"30":2,"31":0,"32":0,"33":0,"34":1,"35":2,"36":2,"37":2,"38":2,"39":2,"40":2,"41":0,"42":2,"43":2,"44":2,"45":1,"46":3,"47":1,"48":1,"49":1,"50":1,"51":1,"52":1,"53":1,"54":1,"55":1,"56":1,"57":0,"58":1,"59":6,"60":6,"61":1,"62":2,"63":0,"64":2,"65":1,"66":1,"67":0,"68":0,"69":0,"70":0,"71":0,"72":0,"73":0,"74":0,"75":0,"76":0,"77":0,"78":0,"79":0,"80":0,"81":0,"82":0,"83":0},"b":{"1":[2,1,1,1],"2":[1,1,1,1],"3":[1,1],"4":[2,2],"5":[1,1],"6":[1,1],"7":[2,0],"8":[2,1,1,1,1,1],"9":[0,2,0],"10":[1,1],"11":[2,1,1],"12":[1,0],"13":[0,2],"14":[2,0,0,0,0,0,0],"15":[0,2],"16":[2,0],"17":[1,1],"18":[0,1],"19":[1,2,0,2],"20":[1,0],"21":[1,1],"22":[0,0],"23":[0,0],"24":[0,0],"25":[0,0],"26":[0,0],"27":[0,0],"28":[0,0]},"f":{"1":2,"2":2,"3":2,"4":2,"5":2,"6":2,"7":2,"8":2,"9":3,"10":1,"11":6,"12":0},"fnMap":{"1":{"name":"(anonymous_1)","line":26,"loc":{"start":{"line":26,"column":1},"end":{"line":26,"column":13}}},"2":{"name":"(anonymous_2)","line":33,"loc":{"start":{"line":33,"column":5},"end":{"line":33,"column":17}}},"3":{"name":"(anonymous_3)","line":37,"loc":{"start":{"line":37,"column":24},"end":{"line":37,"column":36}}},"4":{"name":"(anonymous_4)","line":69,"loc":{"start":{"line":69,"column":31},"end":{"line":69,"column":48}},"skip":true},"5":{"name":"(anonymous_5)","line":78,"loc":{"start":{"line":78,"column":26},"end":{"line":78,"column":45}},"skip":true},"6":{"name":"(anonymous_6)","line":123,"loc":{"start":{"line":123,"column":33},"end":{"line":123,"column":48}},"skip":true},"7":{"name":"(anonymous_7)","line":125,"loc":{"start":{"line":125,"column":27},"end":{"line":125,"column":39}},"skip":true},"8":{"name":"(anonymous_8)","line":133,"loc":{"start":{"line":133,"column":59},"end":{"line":133,"column":74}},"skip":true},"9":{"name":"(anonymous_9)","line":143,"loc":{"start":{"line":143,"column":45},"end":{"line":143,"column":62}},"skip":true},"10":{"name":"(anonymous_10)","line":144,"loc":{"start":{"line":144,"column":73},"end":{"line":144,"column":92}},"skip":true},"11":{"name":"(anonymous_11)","line":272,"loc":{"start":{"line":272,"column":51},"end":{"line":272,"column":77}},"skip":true},"12":{"name":"(anonymous_12)","line":314,"loc":{"start":{"line":314,"column":32},"end":{"line":314,"column":61}},"skip":true}},"statementMap":{"1":{"start":{"line":26,"column":0},"end":{"line":325,"column":5}},"2":{"start":{"line":28,"column":4},"end":{"line":28,"column":14}},"3":{"start":{"line":33,"column":4},"end":{"line":60,"column":9}},"4":{"start":{"line":35,"column":8},"end":{"line":35,"column":19}},"5":{"start":{"line":37,"column":8},"end":{"line":49,"column":13}},"6":{"start":{"line":38,"column":12},"end":{"line":48,"column":13}},"7":{"start":{"line":39,"column":16},"end":{"line":42,"column":30}},"8":{"start":{"line":44,"column":16},"end":{"line":47,"column":27}},"9":{"start":{"line":51,"column":8},"end":{"line":53,"column":21}},"10":{"start":{"line":55,"column":8},"end":{"line":57,"column":45}},"11":{"start":{"line":59,"column":8},"end":{"line":59,"column":35}},"12":{"start":{"line":61,"column":4},"end":{"line":324,"column":5}},"13":{"start":{"line":69,"column":8},"end":{"line":121,"column":10},"skip":true},"14":{"start":{"line":70,"column":12},"end":{"line":88,"column":13},"skip":true},"15":{"start":{"line":76,"column":16},"end":{"line":87,"column":19},"skip":true},"16":{"start":{"line":79,"column":20},"end":{"line":86,"column":21},"skip":true},"17":{"start":{"line":82,"column":24},"end":{"line":82,"column":43},"skip":true},"18":{"start":{"line":83,"column":24},"end":{"line":83,"column":30},"skip":true},"19":{"start":{"line":85,"column":24},"end":{"line":85,"column":49},"skip":true},"20":{"start":{"line":89,"column":12},"end":{"line":107,"column":13},"skip":true},"21":{"start":{"line":92,"column":16},"end":{"line":102,"column":17},"skip":true},"22":{"start":{"line":93,"column":20},"end":{"line":93,"column":86},"skip":true},"23":{"start":{"line":94,"column":20},"end":{"line":95,"column":45},"skip":true},"24":{"start":{"line":96,"column":20},"end":{"line":96,"column":42},"skip":true},"25":{"start":{"line":97,"column":20},"end":{"line":97,"column":48},"skip":true},"26":{"start":{"line":100,"column":20},"end":{"line":100,"column":85},"skip":true},"27":{"start":{"line":101,"column":20},"end":{"line":101,"column":96},"skip":true},"28":{"start":{"line":103,"column":16},"end":{"line":103,"column":22},"skip":true},"29":{"start":{"line":106,"column":16},"end":{"line":106,"column":22},"skip":true},"30":{"start":{"line":108,"column":12},"end":{"line":120,"column":13},"skip":true},"31":{"start":{"line":114,"column":16},"end":{"line":119,"column":17},"skip":true},"32":{"start":{"line":116,"column":20},"end":{"line":116,"column":78},"skip":true},"33":{"start":{"line":118,"column":20},"end":{"line":118,"column":47},"skip":true},"34":{"start":{"line":123,"column":8},"end":{"line":141,"column":11},"skip":true},"35":{"start":{"line":124,"column":12},"end":{"line":124,"column":54},"skip":true},"36":{"start":{"line":125,"column":12},"end":{"line":140,"column":14},"skip":true},"37":{"start":{"line":126,"column":16},"end":{"line":126,"column":28},"skip":true},"38":{"start":{"line":127,"column":16},"end":{"line":127,"column":69},"skip":true},"39":{"start":{"line":128,"column":16},"end":{"line":128,"column":75},"skip":true},"40":{"start":{"line":129,"column":16},"end":{"line":131,"column":17},"skip":true},"41":{"start":{"line":130,"column":20},"end":{"line":130,"column":27},"skip":true},"42":{"start":{"line":133,"column":16},"end":{"line":137,"column":36},"skip":true},"43":{"start":{"line":134,"column":20},"end":{"line":136,"column":55},"skip":true},"44":{"start":{"line":139,"column":16},"end":{"line":139,"column":57},"skip":true},"45":{"start":{"line":143,"column":8},"end":{"line":147,"column":11},"skip":true},"46":{"start":{"line":144,"column":12},"end":{"line":146,"column":15},"skip":true},"47":{"start":{"line":145,"column":16},"end":{"line":145,"column":70},"skip":true},"48":{"start":{"line":149,"column":8},"end":{"line":149,"column":31},"skip":true},"49":{"start":{"line":150,"column":8},"end":{"line":150,"column":14},"skip":true},"50":{"start":{"line":158,"column":8},"end":{"line":158,"column":31},"skip":true},"51":{"start":{"line":160,"column":8},"end":{"line":160,"column":33},"skip":true},"52":{"start":{"line":161,"column":8},"end":{"line":161,"column":37},"skip":true},"53":{"start":{"line":162,"column":8},"end":{"line":162,"column":35},"skip":true},"54":{"start":{"line":164,"column":8},"end":{"line":164,"column":50},"skip":true},"55":{"start":{"line":166,"column":8},"end":{"line":256,"column":2},"skip":true},"56":{"start":{"line":258,"column":8},"end":{"line":286,"column":9},"skip":true},"57":{"start":{"line":259,"column":12},"end":{"line":269,"column":14},"skip":true},"58":{"start":{"line":271,"column":12},"end":{"line":285,"column":19},"skip":true},"59":{"start":{"line":274,"column":20},"end":{"line":274,"column":35},"skip":true},"60":{"start":{"line":275,"column":20},"end":{"line":284,"column":21},"skip":true},"61":{"start":{"line":277,"column":24},"end":{"line":277,"column":64},"skip":true},"62":{"start":{"line":279,"column":24},"end":{"line":279,"column":40},"skip":true},"63":{"start":{"line":281,"column":24},"end":{"line":281,"column":40},"skip":true},"64":{"start":{"line":283,"column":24},"end":{"line":283,"column":39},"skip":true},"65":{"start":{"line":288,"column":8},"end":{"line":290,"column":9},"skip":true},"66":{"start":{"line":289,"column":12},"end":{"line":289,"column":18},"skip":true},"67":{"start":{"line":291,"column":8},"end":{"line":293,"column":54},"skip":true},"68":{"start":{"line":294,"column":8},"end":{"line":301,"column":37},"skip":true},"69":{"start":{"line":302,"column":8},"end":{"line":302,"column":82},"skip":true},"70":{"start":{"line":305,"column":8},"end":{"line":307,"column":9},"skip":true},"71":{"start":{"line":306,"column":12},"end":{"line":306,"column":82},"skip":true},"72":{"start":{"line":309,"column":8},"end":{"line":311,"column":9},"skip":true},"73":{"start":{"line":310,"column":12},"end":{"line":310,"column":18},"skip":true},"74":{"start":{"line":312,"column":8},"end":{"line":312,"column":54},"skip":true},"75":{"start":{"line":313,"column":8},"end":{"line":313,"column":69},"skip":true},"76":{"start":{"line":314,"column":8},"end":{"line":322,"column":36},"skip":true},"77":{"start":{"line":315,"column":12},"end":{"line":315,"column":61},"skip":true},"78":{"start":{"line":316,"column":12},"end":{"line":319,"column":13},"skip":true},"79":{"start":{"line":317,"column":16},"end":{"line":317,"column":75},"skip":true},"80":{"start":{"line":318,"column":16},"end":{"line":318,"column":23},"skip":true},"81":{"start":{"line":320,"column":12},"end":{"line":320,"column":38},"skip":true},"82":{"start":{"line":321,"column":12},"end":{"line":321,"column":27},"skip":true},"83":{"start":{"line":323,"column":8},"end":{"line":323,"column":14},"skip":true}},"branchMap":{"1":{"line":39,"type":"binary-expr","locations":[{"start":{"line":39,"column":23},"end":{"line":39,"column":62}},{"start":{"line":40,"column":20},"end":{"line":40,"column":70}},{"start":{"line":41,"column":20},"end":{"line":41,"column":71}},{"start":{"line":42,"column":20},"end":{"line":42,"column":29}}]},"2":{"line":44,"type":"binary-expr","locations":[{"start":{"line":44,"column":23},"end":{"line":44,"column":37}},{"start":{"line":45,"column":20},"end":{"line":45,"column":61}},{"start":{"line":46,"column":20},"end":{"line":46,"column":70}},{"start":{"line":47,"column":20},"end":{"line":47,"column":26}}]},"3":{"line":51,"type":"cond-expr","locations":[{"start":{"line":52,"column":14},"end":{"line":52,"column":20}},{"start":{"line":53,"column":14},"end":{"line":53,"column":20}}]},"4":{"line":55,"type":"binary-expr","locations":[{"start":{"line":55,"column":16},"end":{"line":55,"column":44}},{"start":{"line":55,"column":49},"end":{"line":57,"column":43}}]},"5":{"line":55,"type":"cond-expr","locations":[{"start":{"line":56,"column":14},"end":{"line":56,"column":53}},{"start":{"line":57,"column":14},"end":{"line":57,"column":43}}]},"6":{"line":61,"type":"switch","locations":[{"start":{"line":68,"column":4},"end":{"line":150,"column":14},"skip":true},{"start":{"line":156,"column":4},"end":{"line":323,"column":14},"skip":true}]},"7":{"line":70,"type":"if","locations":[{"start":{"line":70,"column":12},"end":{"line":70,"column":12},"skip":true},{"start":{"line":70,"column":12},"end":{"line":70,"column":12},"skip":true}]},"8":{"line":70,"type":"binary-expr","locations":[{"start":{"line":70,"column":16},"end":{"line":70,"column":22},"skip":true},{"start":{"line":70,"column":27},"end":{"line":70,"column":32},"skip":true},{"start":{"line":71,"column":20},"end":{"line":71,"column":39},"skip":true},{"start":{"line":72,"column":20},"end":{"line":72,"column":49},"skip":true},{"start":{"line":73,"column":20},"end":{"line":73,"column":58},"skip":true},{"start":{"line":74,"column":20},"end":{"line":74,"column":69},"skip":true}]},"9":{"line":79,"type":"switch","locations":[{"start":{"line":80,"column":20},"end":{"line":80,"column":33},"skip":true},{"start":{"line":81,"column":20},"end":{"line":83,"column":30},"skip":true},{"start":{"line":84,"column":20},"end":{"line":85,"column":49},"skip":true}]},"10":{"line":89,"type":"switch","locations":[{"start":{"line":90,"column":12},"end":{"line":103,"column":22},"skip":true},{"start":{"line":105,"column":12},"end":{"line":106,"column":22},"skip":true}]},"11":{"line":89,"type":"binary-expr","locations":[{"start":{"line":89,"column":20},"end":{"line":89,"column":25},"skip":true},{"start":{"line":89,"column":29},"end":{"line":89,"column":48},"skip":true},{"start":{"line":89,"column":52},"end":{"line":89,"column":74},"skip":true}]},"12":{"line":92,"type":"if","locations":[{"start":{"line":92,"column":16},"end":{"line":92,"column":16},"skip":true},{"start":{"line":92,"column":16},"end":{"line":92,"column":16},"skip":true}]},"13":{"line":108,"type":"if","locations":[{"start":{"line":108,"column":12},"end":{"line":108,"column":12},"skip":true},{"start":{"line":108,"column":12},"end":{"line":108,"column":12},"skip":true}]},"14":{"line":108,"type":"binary-expr","locations":[{"start":{"line":108,"column":16},"end":{"line":108,"column":61},"skip":true},{"start":{"line":108,"column":66},"end":{"line":108,"column":72},"skip":true},{"start":{"line":108,"column":77},"end":{"line":108,"column":82},"skip":true},{"start":{"line":109,"column":20},"end":{"line":109,"column":39},"skip":true},{"start":{"line":110,"column":20},"end":{"line":110,"column":49},"skip":true},{"start":{"line":111,"column":20},"end":{"line":111,"column":58},"skip":true},{"start":{"line":112,"column":20},"end":{"line":112,"column":68},"skip":true}]},"15":{"line":129,"type":"if","locations":[{"start":{"line":129,"column":16},"end":{"line":129,"column":16},"skip":true},{"start":{"line":129,"column":16},"end":{"line":129,"column":16},"skip":true}]},"16":{"line":134,"type":"cond-expr","locations":[{"start":{"line":135,"column":26},"end":{"line":135,"column":29},"skip":true},{"start":{"line":136,"column":26},"end":{"line":136,"column":54},"skip":true}]},"17":{"line":164,"type":"binary-expr","locations":[{"start":{"line":164,"column":27},"end":{"line":164,"column":43},"skip":true},{"start":{"line":164,"column":47},"end":{"line":164,"column":49},"skip":true}]},"18":{"line":258,"type":"if","locations":[{"start":{"line":258,"column":8},"end":{"line":258,"column":8},"skip":true},{"start":{"line":258,"column":8},"end":{"line":258,"column":8},"skip":true}]},"19":{"line":275,"type":"switch","locations":[{"start":{"line":276,"column":20},"end":{"line":277,"column":64},"skip":true},{"start":{"line":278,"column":20},"end":{"line":279,"column":40},"skip":true},{"start":{"line":280,"column":20},"end":{"line":281,"column":40},"skip":true},{"start":{"line":282,"column":20},"end":{"line":283,"column":39},"skip":true}]},"20":{"line":288,"type":"if","locations":[{"start":{"line":288,"column":8},"end":{"line":288,"column":8},"skip":true},{"start":{"line":288,"column":8},"end":{"line":288,"column":8},"skip":true}]},"21":{"line":288,"type":"binary-expr","locations":[{"start":{"line":288,"column":12},"end":{"line":288,"column":40},"skip":true},{"start":{"line":288,"column":44},"end":{"line":288,"column":67},"skip":true}]},"22":{"line":292,"type":"binary-expr","locations":[{"start":{"line":292,"column":12},"end":{"line":292,"column":50},"skip":true},{"start":{"line":293,"column":12},"end":{"line":293,"column":53},"skip":true}]},"23":{"line":295,"type":"binary-expr","locations":[{"start":{"line":295,"column":12},"end":{"line":295,"column":67},"skip":true},{"start":{"line":296,"column":12},"end":{"line":301,"column":36},"skip":true}]},"24":{"line":302,"type":"binary-expr","locations":[{"start":{"line":302,"column":43},"end":{"line":302,"column":75},"skip":true},{"start":{"line":302,"column":79},"end":{"line":302,"column":81},"skip":true}]},"25":{"line":305,"type":"if","locations":[{"start":{"line":305,"column":8},"end":{"line":305,"column":8},"skip":true},{"start":{"line":305,"column":8},"end":{"line":305,"column":8},"skip":true}]},"26":{"line":309,"type":"if","locations":[{"start":{"line":309,"column":8},"end":{"line":309,"column":8},"skip":true},{"start":{"line":309,"column":8},"end":{"line":309,"column":8},"skip":true}]},"27":{"line":312,"type":"binary-expr","locations":[{"start":{"line":312,"column":27},"end":{"line":312,"column":43},"skip":true},{"start":{"line":312,"column":47},"end":{"line":312,"column":53},"skip":true}]},"28":{"line":316,"type":"if","locations":[{"start":{"line":316,"column":12},"end":{"line":316,"column":12},"skip":true},{"start":{"line":316,"column":12},"end":{"line":316,"column":12},"skip":true}]}},"code":["/*","example.js","","quickstart example","","instruction","    1. save this script as example.js","    2. run the shell command:","        $ npm install npmtest-mongorito && PORT=8081 node example.js","    3. play with the browser-demo on http://127.0.0.1:8081","*/","","","","/* istanbul instrument in package npmtest_mongorito */","/*jslint","    bitwise: true,","    browser: true,","    maxerr: 8,","    maxlen: 96,","    node: true,","    nomen: true,","    regexp: true,","    stupid: true","*/","(function () {","    'use strict';","    var local;","","","","    // run shared js-env code - pre-init","    (function () {","        // init local","        local = {};","        // init modeJs","        local.modeJs = (function () {","            try {","                return typeof navigator.userAgent === 'string' &&","                    typeof document.querySelector('body') === 'object' &&","                    typeof XMLHttpRequest.prototype.open === 'function' &&","                    'browser';","            } catch (errorCaughtBrowser) {","                return module.exports &&","                    typeof process.versions.node === 'string' &&","                    typeof require('http').createServer === 'function' &&","                    'node';","            }","        }());","        // init global","        local.global = local.modeJs === 'browser'","            ? window","            : global;","        // init utility2_rollup","        local = local.global.utility2_rollup || (local.modeJs === 'browser'","            ? local.global.utility2_npmtest_mongorito","            : global.utility2_moduleExports);","        // export local","        local.global.local = local;","    }());","    switch (local.modeJs) {","","","","    // post-init","    // run browser js-env code - post-init","    /* istanbul ignore next */","    case 'browser':","        local.testRunBrowser = function (event) {","            if (!event || (event &&","                    event.currentTarget &&","                    event.currentTarget.className &&","                    event.currentTarget.className.includes &&","                    event.currentTarget.className.includes('onreset'))) {","                // reset output","                Array.from(","                    document.querySelectorAll('body > .resettable')","                ).forEach(function (element) {","                    switch (element.tagName) {","                    case 'INPUT':","                    case 'TEXTAREA':","                        element.value = '';","                        break;","                    default:","                        element.textContent = '';","                    }","                });","            }","            switch (event && event.currentTarget && event.currentTarget.id) {","            case 'testRunButton1':","                // show tests","                if (document.querySelector('#testReportDiv1').style.display === 'none') {","                    document.querySelector('#testReportDiv1').style.display = 'block';","                    document.querySelector('#testRunButton1').textContent =","                        'hide internal test';","                    local.modeTest = true;","                    local.testRunDefault(local);","                // hide tests","                } else {","                    document.querySelector('#testReportDiv1').style.display = 'none';","                    document.querySelector('#testRunButton1').textContent = 'run internal test';","                }","                break;","            // custom-case","            default:","                break;","            }","            if (document.querySelector('#inputTextareaEval1') && (!event || (event &&","                    event.currentTarget &&","                    event.currentTarget.className &&","                    event.currentTarget.className.includes &&","                    event.currentTarget.className.includes('oneval')))) {","                // try to eval input-code","                try {","                    /*jslint evil: true*/","                    eval(document.querySelector('#inputTextareaEval1').value);","                } catch (errorCaught) {","                    console.error(errorCaught);","                }","            }","        };","        // log stderr and stdout to #outputTextareaStdout1","        ['error', 'log'].forEach(function (key) {","            console[key + '_original'] = console[key];","            console[key] = function () {","                var element;","                console[key + '_original'].apply(console, arguments);","                element = document.querySelector('#outputTextareaStdout1');","                if (!element) {","                    return;","                }","                // append text to #outputTextareaStdout1","                element.value += Array.from(arguments).map(function (arg) {","                    return typeof arg === 'string'","                        ? arg","                        : JSON.stringify(arg, null, 4);","                }).join(' ') + '\\n';","                // scroll textarea to bottom","                element.scrollTop = element.scrollHeight;","            };","        });","        // init event-handling","        ['change', 'click', 'keyup'].forEach(function (event) {","            Array.from(document.querySelectorAll('.on' + event)).forEach(function (element) {","                element.addEventListener(event, local.testRunBrowser);","            });","        });","        // run tests","        local.testRunBrowser();","        break;","","","","    // run node js-env code - post-init","    /* istanbul ignore next */","    case 'node':","        // export local","        module.exports = local;","        // require modules","        local.fs = require('fs');","        local.http = require('http');","        local.url = require('url');","        // init assets","        local.assetsDict = local.assetsDict || {};","        /* jslint-ignore-begin */","        local.assetsDict['/assets.index.template.html'] = '\\","<!doctype html>\\n\\","<html lang=\"en\">\\n\\","<head>\\n\\","<meta charset=\"UTF-8\">\\n\\","<meta name=\"viewport\" content=\"width=device-width, initial-scale=1\">\\n\\","<title>{{env.npm_package_name}} (v{{env.npm_package_version}})</title>\\n\\","<style>\\n\\","/*csslint\\n\\","    box-sizing: false,\\n\\","    universal-selector: false\\n\\","*/\\n\\","* {\\n\\","    box-sizing: border-box;\\n\\","}\\n\\","body {\\n\\","    background: #dde;\\n\\","    font-family: Arial, Helvetica, sans-serif;\\n\\","    margin: 2rem;\\n\\","}\\n\\","body > * {\\n\\","    margin-bottom: 1rem;\\n\\","}\\n\\",".utility2FooterDiv {\\n\\","    margin-top: 20px;\\n\\","    text-align: center;\\n\\","}\\n\\","</style>\\n\\","<style>\\n\\","/*csslint\\n\\","*/\\n\\","textarea {\\n\\","    font-family: monospace;\\n\\","    height: 10rem;\\n\\","    width: 100%;\\n\\","}\\n\\","textarea[readonly] {\\n\\","    background: #ddd;\\n\\","}\\n\\","</style>\\n\\","</head>\\n\\","<body>\\n\\","<!-- utility2-comment\\n\\","<div id=\"ajaxProgressDiv1\" style=\"background: #d00; height: 2px; left: 0; margin: 0; padding: 0; position: fixed; top: 0; transition: background 0.5s, width 1.5s; width: 25%;\"></div>\\n\\","utility2-comment -->\\n\\","<h1>\\n\\","<!-- utility2-comment\\n\\","    <a\\n\\","        {{#if env.npm_package_homepage}}\\n\\","        href=\"{{env.npm_package_homepage}}\"\\n\\","        {{/if env.npm_package_homepage}}\\n\\","        target=\"_blank\"\\n\\","    >\\n\\","utility2-comment -->\\n\\","        {{env.npm_package_name}} (v{{env.npm_package_version}})\\n\\","<!-- utility2-comment\\n\\","    </a>\\n\\","utility2-comment -->\\n\\","</h1>\\n\\","<h3>{{env.npm_package_description}}</h3>\\n\\","<!-- utility2-comment\\n\\","<h4><a download href=\"assets.app.js\">download standalone app</a></h4>\\n\\","<button class=\"onclick onreset\" id=\"testRunButton1\">run internal test</button><br>\\n\\","<div id=\"testReportDiv1\" style=\"display: none;\"></div>\\n\\","utility2-comment -->\\n\\","\\n\\","\\n\\","\\n\\","<label>stderr and stdout</label>\\n\\","<textarea class=\"resettable\" id=\"outputTextareaStdout1\" readonly></textarea>\\n\\","<!-- utility2-comment\\n\\","{{#if isRollup}}\\n\\","<script src=\"assets.app.js\"></script>\\n\\","{{#unless isRollup}}\\n\\","utility2-comment -->\\n\\","<script src=\"assets.utility2.rollup.js\"></script>\\n\\","<script src=\"jsonp.utility2._stateInit?callback=window.utility2._stateInit\"></script>\\n\\","<script src=\"assets.npmtest_mongorito.rollup.js\"></script>\\n\\","<script src=\"assets.example.js\"></script>\\n\\","<script src=\"assets.test.js\"></script>\\n\\","<!-- utility2-comment\\n\\","{{/if isRollup}}\\n\\","utility2-comment -->\\n\\","<div class=\"utility2FooterDiv\">\\n\\","    [ this app was created with\\n\\","    <a href=\"https://github.com/kaizhu256/node-utility2\" target=\"_blank\">utility2</a>\\n\\","    ]\\n\\","</div>\\n\\","</body>\\n\\","</html>\\n\\","';","        /* jslint-ignore-end */","        if (local.templateRender) {","            local.assetsDict['/'] = local.templateRender(","                local.assetsDict['/assets.index.template.html'],","                {","                    env: local.objectSetDefault(local.env, {","                        npm_package_description: 'the greatest app in the world!',","                        npm_package_name: 'my-app',","                        npm_package_nameAlias: 'my_app',","                        npm_package_version: '0.0.1'","                    })","                }","            );","        } else {","            local.assetsDict['/'] = local.assetsDict['/assets.index.template.html']","                .replace((/\\{\\{env\\.(\\w+?)\\}\\}/g), function (match0, match1) {","                    // jslint-hack","                    String(match0);","                    switch (match1) {","                    case 'npm_package_description':","                        return 'the greatest app in the world!';","                    case 'npm_package_name':","                        return 'my-app';","                    case 'npm_package_nameAlias':","                        return 'my_app';","                    case 'npm_package_version':","                        return '0.0.1';","                    }","                });","        }","        // run the cli","        if (local.global.utility2_rollup || module !== require.main) {","            break;","        }","        local.assetsDict['/assets.example.js'] =","            local.assetsDict['/assets.example.js'] ||","            local.fs.readFileSync(__filename, 'utf8');","        local.assetsDict['/assets.npmtest_mongorito.rollup.js'] =","            local.assetsDict['/assets.npmtest_mongorito.rollup.js'] ||","            local.fs.readFileSync(","                // buildCustomOrg-hack","                local.npmtest_mongorito.__dirname +","                    '/lib.npmtest_mongorito.js',","                'utf8'","            ).replace((/^#!/), '//');","        local.assetsDict['/favicon.ico'] = local.assetsDict['/favicon.ico'] || '';","        // if $npm_config_timeout_exit exists,","        // then exit this process after $npm_config_timeout_exit ms","        if (Number(process.env.npm_config_timeout_exit)) {","            setTimeout(process.exit, Number(process.env.npm_config_timeout_exit));","        }","        // start server","        if (local.global.utility2_serverHttp1) {","            break;","        }","        process.env.PORT = process.env.PORT || '8081';","        console.error('server starting on port ' + process.env.PORT);","        local.http.createServer(function (request, response) {","            request.urlParsed = local.url.parse(request.url);","            if (local.assetsDict[request.urlParsed.pathname] !== undefined) {","                response.end(local.assetsDict[request.urlParsed.pathname]);","                return;","            }","            response.statusCode = 404;","            response.end();","        }).listen(process.env.PORT);","        break;","    }","}());",""],"l":{"26":2,"28":2,"33":2,"35":2,"37":2,"38":2,"39":2,"44":1,"51":2,"55":2,"59":2,"61":2,"69":1,"70":2,"76":2,"79":2,"82":2,"83":2,"85":1,"89":2,"92":1,"93":1,"94":1,"96":1,"97":1,"100":1,"101":1,"103":1,"106":1,"108":2,"114":1,"116":1,"118":1,"123":1,"124":2,"125":2,"126":2,"127":2,"128":2,"129":2,"130":1,"133":2,"134":2,"139":2,"143":1,"144":3,"145":1,"149":1,"150":1,"158":1,"160":1,"161":1,"162":1,"164":1,"166":1,"258":1,"259":1,"271":1,"274":6,"275":6,"277":1,"279":2,"281":1,"283":2,"288":1,"289":1,"291":1,"294":1,"302":1,"305":1,"306":1,"309":1,"310":1,"312":1,"313":1,"314":1,"315":1,"316":1,"317":1,"318":1,"320":1,"321":1,"323":1}},"/home/travis/build/npmtest/node-npmtest-mongorito/node_modules/mongorito/index.js":{"path":"/home/travis/build/npmtest/node-npmtest-mongorito/node_modules/mongorito/index.js","s":{"1":1},"b":{},"f":{},"fnMap":{},"statementMap":{"1":{"start":{"line":1,"column":0},"end":{"line":1,"column":44}}},"branchMap":{},"code":["module.exports = require('./lib/mongorito');",""],"l":{"1":1}},"/home/travis/build/npmtest/node-npmtest-mongorito/node_modules/mongorito/lib/mongorito.js":{"path":"/home/travis/build/npmtest/node-npmtest-mongorito/node_modules/mongorito/lib/mongorito.js","s":{"1":1,"2":1,"3":1,"4":1,"5":1,"6":1,"7":1,"8":1,"9":1,"10":1,"11":1,"12":1,"13":1,"14":1,"15":1,"16":1,"17":1,"18":0,"19":0,"20":0,"21":1,"22":0,"23":1,"24":0,"25":0,"26":0,"27":0,"28":0,"29":0,"30":0,"31":0,"32":0,"33":0,"34":0,"35":0,"36":0,"37":0,"38":0,"39":0,"40":0,"41":0,"42":0,"43":0,"44":0,"45":1,"46":0,"47":1,"48":0,"49":1,"50":0,"51":0,"52":0,"53":0,"54":0,"55":0,"56":0,"57":0,"58":0,"59":1,"60":1,"61":0,"62":0,"63":0,"64":0,"65":0,"66":0,"67":1,"68":0,"69":0,"70":0,"71":0,"72":0,"73":0,"74":0,"75":0,"76":1,"77":0,"78":0,"79":1,"80":0,"81":0,"82":1,"83":0,"84":0,"85":0,"86":0,"87":0,"88":0,"89":0,"90":0,"91":0,"92":0,"93":0,"94":0,"95":0,"96":1,"97":0,"98":1,"99":0,"100":0,"101":0,"102":0,"103":0,"104":0,"105":0,"106":0,"107":1,"108":0,"109":1,"110":1,"111":0,"112":0,"113":0,"114":0,"115":0,"116":0,"117":0,"118":0,"119":0,"120":0,"121":0,"122":0,"123":0,"124":0,"125":0,"126":0,"127":0,"128":0,"129":0,"130":0,"131":0,"132":0,"133":0,"134":0,"135":0,"136":0,"137":0,"138":1,"139":0,"140":1,"141":0,"142":1,"143":0,"144":1,"145":0,"146":1,"147":0,"148":0,"149":0,"150":0,"151":0,"152":0,"153":0,"154":0,"155":0,"156":0,"157":0,"158":0,"159":0,"160":1,"161":0,"162":0,"163":0,"164":0,"165":1,"166":0,"167":0,"168":0,"169":0,"170":0,"171":0,"172":0,"173":0,"174":0,"175":0,"176":0,"177":0,"178":0,"179":0,"180":0,"181":0,"182":1,"183":0,"184":0,"185":0,"186":0,"187":0,"188":0,"189":0,"190":0,"191":0,"192":0,"193":1,"194":0,"195":0,"196":0,"197":0,"198":0,"199":0,"200":0,"201":1,"202":0,"203":0,"204":0,"205":0,"206":0,"207":1,"208":0,"209":0,"210":0,"211":0,"212":0,"213":0,"214":0,"215":0,"216":0,"217":0,"218":0,"219":0,"220":1,"221":0,"222":0,"223":1,"224":0,"225":0,"226":0,"227":0,"228":0,"229":0,"230":0,"231":0,"232":1,"233":0,"234":1,"235":0,"236":1,"237":0,"238":1,"239":0,"240":1,"241":0,"242":1,"243":0,"244":1,"245":0,"246":1,"247":0,"248":1,"249":0,"250":0,"251":1,"252":0,"253":0,"254":0,"255":1,"256":0,"257":0,"258":0,"259":0,"260":0,"261":0,"262":1,"263":1,"264":21,"265":0,"266":0,"267":0,"268":1,"269":1,"270":1,"271":1,"272":33,"273":30},"b":{"1":[0,0],"2":[0,0],"3":[0,0],"4":[0,0],"5":[0,0],"6":[0,0],"7":[0,0],"8":[0,0],"9":[0,0],"10":[0,0],"11":[0,0],"12":[0,0],"13":[0,0],"14":[0,0],"15":[0,0],"16":[0,0],"17":[0,0],"18":[0,0],"19":[0,0],"20":[0,0],"21":[0,0],"22":[0,0],"23":[0,0],"24":[0,0],"25":[0,0],"26":[0,0],"27":[0,0],"28":[0,0],"29":[0,0],"30":[0,0],"31":[0,0],"32":[0,0],"33":[0,0],"34":[0,0],"35":[0,0],"36":[0,0],"37":[0,0],"38":[0,0],"39":[30,3]},"f":{"1":0,"2":0,"3":0,"4":0,"5":0,"6":0,"7":0,"8":0,"9":0,"10":0,"11":0,"12":0,"13":0,"14":0,"15":0,"16":0,"17":0,"18":0,"19":0,"20":0,"21":0,"22":0,"23":0,"24":0,"25":0,"26":0,"27":0,"28":0,"29":0,"30":0,"31":0,"32":0,"33":0,"34":0,"35":0,"36":0,"37":0,"38":0,"39":0,"40":0,"41":0,"42":0,"43":0,"44":0,"45":0,"46":0,"47":0,"48":0,"49":0,"50":0,"51":0,"52":0,"53":0,"54":0,"55":0,"56":0,"57":0,"58":0,"59":0,"60":0,"61":0,"62":0,"63":0,"64":0,"65":0,"66":0,"67":0,"68":0,"69":0,"70":0,"71":0,"72":0,"73":0,"74":21,"75":0,"76":33},"fnMap":{"1":{"name":"Mongorito","line":33,"loc":{"start":{"line":33,"column":0},"end":{"line":33,"column":22}}},"2":{"name":"(anonymous_2)","line":41,"loc":{"start":{"line":41,"column":22},"end":{"line":41,"column":39}}},"3":{"name":"(anonymous_3)","line":54,"loc":{"start":{"line":54,"column":22},"end":{"line":54,"column":33}}},"4":{"name":"(anonymous_4)","line":66,"loc":{"start":{"line":66,"column":20},"end":{"line":66,"column":32}}},"5":{"name":"(anonymous_5)","line":73,"loc":{"start":{"line":73,"column":14},"end":{"line":73,"column":29}}},"6":{"name":"(anonymous_6)","line":83,"loc":{"start":{"line":83,"column":17},"end":{"line":83,"column":32}}},"7":{"name":"(anonymous_7)","line":92,"loc":{"start":{"line":92,"column":68},"end":{"line":92,"column":82}}},"8":{"name":"(anonymous_8)","line":115,"loc":{"start":{"line":115,"column":23},"end":{"line":115,"column":35}}},"9":{"name":"(anonymous_9)","line":126,"loc":{"start":{"line":126,"column":18},"end":{"line":126,"column":30}}},"10":{"name":"(anonymous_10)","line":137,"loc":{"start":{"line":137,"column":24},"end":{"line":137,"column":44}}},"11":{"name":"Model","line":170,"loc":{"start":{"line":170,"column":0},"end":{"line":170,"column":32}}},"12":{"name":"(anonymous_12)","line":206,"loc":{"start":{"line":206,"column":30},"end":{"line":206,"column":42}}},"13":{"name":"(anonymous_13)","line":209,"loc":{"start":{"line":209,"column":24},"end":{"line":209,"column":38}}},"14":{"name":"(anonymous_14)","line":235,"loc":{"start":{"line":235,"column":22},"end":{"line":235,"column":34}}},"15":{"name":"(anonymous_15)","line":252,"loc":{"start":{"line":252,"column":22},"end":{"line":252,"column":37}}},"16":{"name":"(anonymous_16)","line":271,"loc":{"start":{"line":271,"column":22},"end":{"line":271,"column":44}}},"17":{"name":"(anonymous_17)","line":280,"loc":{"start":{"line":280,"column":15},"end":{"line":280,"column":30}}},"18":{"name":"(anonymous_18)","line":307,"loc":{"start":{"line":307,"column":24},"end":{"line":307,"column":39}}},"19":{"name":"(anonymous_19)","line":318,"loc":{"start":{"line":318,"column":31},"end":{"line":318,"column":43}}},"20":{"name":"(anonymous_20)","line":324,"loc":{"start":{"line":324,"column":14},"end":{"line":324,"column":29}}},"21":{"name":"(anonymous_21)","line":341,"loc":{"start":{"line":341,"column":25},"end":{"line":341,"column":37}}},"22":{"name":"(anonymous_22)","line":353,"loc":{"start":{"line":353,"column":28},"end":{"line":353,"column":40}}},"23":{"name":"(anonymous_23)","line":362,"loc":{"start":{"line":362,"column":23},"end":{"line":362,"column":55}}},"24":{"name":"(anonymous_24)","line":372,"loc":{"start":{"line":372,"column":15},"end":{"line":372,"column":30}}},"25":{"name":"(anonymous_25)","line":390,"loc":{"start":{"line":390,"column":18},"end":{"line":390,"column":36}}},"26":{"name":"(anonymous_26)","line":433,"loc":{"start":{"line":433,"column":24},"end":{"line":433,"column":36}}},"27":{"name":"(anonymous_27)","line":446,"loc":{"start":{"line":446,"column":25},"end":{"line":446,"column":51}}},"28":{"name":"(anonymous_28)","line":459,"loc":{"start":{"line":459,"column":24},"end":{"line":459,"column":50}}},"29":{"name":"(anonymous_29)","line":472,"loc":{"start":{"line":472,"column":25},"end":{"line":472,"column":51}}},"30":{"name":"(anonymous_30)","line":483,"loc":{"start":{"line":483,"column":28},"end":{"line":483,"column":61}}},"31":{"name":"(anonymous_31)","line":500,"loc":{"start":{"line":500,"column":23},"end":{"line":500,"column":37}}},"32":{"name":"(anonymous_32)","line":510,"loc":{"start":{"line":510,"column":28},"end":{"line":510,"column":44}}},"33":{"name":"(anonymous_33)","line":522,"loc":{"start":{"line":522,"column":28},"end":{"line":522,"column":52}}},"34":{"name":"(anonymous_34)","line":542,"loc":{"start":{"line":542,"column":23},"end":{"line":542,"column":42}}},"35":{"name":"(anonymous_35)","line":559,"loc":{"start":{"line":559,"column":14},"end":{"line":559,"column":29}}},"36":{"name":"(anonymous_36)","line":563,"loc":{"start":{"line":563,"column":21},"end":{"line":563,"column":36}}},"37":{"name":"(anonymous_37)","line":583,"loc":{"start":{"line":583,"column":25},"end":{"line":583,"column":44}}},"38":{"name":"(anonymous_38)","line":595,"loc":{"start":{"line":595,"column":7},"end":{"line":595,"column":19}}},"39":{"name":"(anonymous_39)","line":598,"loc":{"start":{"line":598,"column":8},"end":{"line":598,"column":30}}},"40":{"name":"(anonymous_40)","line":601,"loc":{"start":{"line":601,"column":8},"end":{"line":601,"column":28}}},"41":{"name":"(anonymous_41)","line":606,"loc":{"start":{"line":606,"column":8},"end":{"line":606,"column":20}}},"42":{"name":"(anonymous_42)","line":619,"loc":{"start":{"line":619,"column":25},"end":{"line":619,"column":44}}},"43":{"name":"(anonymous_43)","line":627,"loc":{"start":{"line":627,"column":7},"end":{"line":627,"column":19}}},"44":{"name":"(anonymous_44)","line":630,"loc":{"start":{"line":630,"column":8},"end":{"line":630,"column":30}}},"45":{"name":"(anonymous_45)","line":633,"loc":{"start":{"line":633,"column":8},"end":{"line":633,"column":20}}},"46":{"name":"(anonymous_46)","line":646,"loc":{"start":{"line":646,"column":25},"end":{"line":646,"column":44}}},"47":{"name":"(anonymous_47)","line":650,"loc":{"start":{"line":650,"column":7},"end":{"line":650,"column":19}}},"48":{"name":"(anonymous_48)","line":653,"loc":{"start":{"line":653,"column":8},"end":{"line":653,"column":30}}},"49":{"name":"(anonymous_49)","line":656,"loc":{"start":{"line":656,"column":8},"end":{"line":656,"column":20}}},"50":{"name":"(anonymous_50)","line":671,"loc":{"start":{"line":671,"column":22},"end":{"line":671,"column":48}}},"51":{"name":"(anonymous_51)","line":681,"loc":{"start":{"line":681,"column":7},"end":{"line":681,"column":19}}},"52":{"name":"(anonymous_52)","line":684,"loc":{"start":{"line":684,"column":8},"end":{"line":684,"column":30}}},"53":{"name":"(anonymous_53)","line":687,"loc":{"start":{"line":687,"column":8},"end":{"line":687,"column":20}}},"54":{"name":"(anonymous_54)","line":691,"loc":{"start":{"line":691,"column":30},"end":{"line":691,"column":45}}},"55":{"name":"(anonymous_55)","line":702,"loc":{"start":{"line":702,"column":8},"end":{"line":702,"column":20}}},"56":{"name":"(anonymous_56)","line":715,"loc":{"start":{"line":715,"column":12},"end":{"line":715,"column":24}}},"57":{"name":"(anonymous_57)","line":731,"loc":{"start":{"line":731,"column":20},"end":{"line":731,"column":32}}},"58":{"name":"(anonymous_58)","line":734,"loc":{"start":{"line":734,"column":24},"end":{"line":734,"column":38}}},"59":{"name":"(anonymous_59)","line":761,"loc":{"start":{"line":761,"column":13},"end":{"line":761,"column":30}}},"60":{"name":"(anonymous_60)","line":774,"loc":{"start":{"line":774,"column":14},"end":{"line":774,"column":31}}},"61":{"name":"(anonymous_61)","line":788,"loc":{"start":{"line":788,"column":17},"end":{"line":788,"column":41}}},"62":{"name":"(anonymous_62)","line":803,"loc":{"start":{"line":803,"column":18},"end":{"line":803,"column":38}}},"63":{"name":"(anonymous_63)","line":815,"loc":{"start":{"line":815,"column":12},"end":{"line":815,"column":24}}},"64":{"name":"(anonymous_64)","line":827,"loc":{"start":{"line":827,"column":16},"end":{"line":827,"column":33}}},"65":{"name":"(anonymous_65)","line":839,"loc":{"start":{"line":839,"column":17},"end":{"line":839,"column":31}}},"66":{"name":"(anonymous_66)","line":851,"loc":{"start":{"line":851,"column":15},"end":{"line":851,"column":32}}},"67":{"name":"(anonymous_67)","line":863,"loc":{"start":{"line":863,"column":13},"end":{"line":863,"column":25}}},"68":{"name":"(anonymous_68)","line":864,"loc":{"start":{"line":864,"column":32},"end":{"line":864,"column":54}}},"69":{"name":"(anonymous_69)","line":877,"loc":{"start":{"line":877,"column":14},"end":{"line":877,"column":26}}},"70":{"name":"(anonymous_70)","line":880,"loc":{"start":{"line":880,"column":32},"end":{"line":880,"column":54}}},"71":{"name":"(anonymous_71)","line":893,"loc":{"start":{"line":893,"column":16},"end":{"line":893,"column":28}}},"72":{"name":"(anonymous_72)","line":896,"loc":{"start":{"line":896,"column":32},"end":{"line":896,"column":54}}},"73":{"name":"(anonymous_73)","line":901,"loc":{"start":{"line":901,"column":9},"end":{"line":901,"column":28}}},"74":{"name":"(anonymous_74)","line":936,"loc":{"start":{"line":936,"column":16},"end":{"line":936,"column":34}}},"75":{"name":"(anonymous_75)","line":937,"loc":{"start":{"line":937,"column":17},"end":{"line":937,"column":29}}},"76":{"name":"(anonymous_76)","line":957,"loc":{"start":{"line":957,"column":29},"end":{"line":957,"column":44}}}},"statementMap":{"1":{"start":{"line":7,"column":0},"end":{"line":7,"column":49}},"2":{"start":{"line":8,"column":0},"end":{"line":8,"column":39}},"3":{"start":{"line":9,"column":0},"end":{"line":9,"column":36}},"4":{"start":{"line":10,"column":0},"end":{"line":10,"column":46}},"5":{"start":{"line":11,"column":0},"end":{"line":11,"column":40}},"6":{"start":{"line":12,"column":0},"end":{"line":12,"column":40}},"7":{"start":{"line":13,"column":0},"end":{"line":13,"column":31}},"8":{"start":{"line":14,"column":0},"end":{"line":14,"column":33}},"9":{"start":{"line":15,"column":0},"end":{"line":15,"column":33}},"10":{"start":{"line":16,"column":0},"end":{"line":16,"column":28}},"11":{"start":{"line":17,"column":0},"end":{"line":17,"column":25}},"12":{"start":{"line":19,"column":0},"end":{"line":19,"column":33}},"13":{"start":{"line":20,"column":0},"end":{"line":20,"column":38}},"14":{"start":{"line":22,"column":0},"end":{"line":22,"column":33}},"15":{"start":{"line":24,"column":0},"end":{"line":24,"column":23}},"16":{"start":{"line":33,"column":0},"end":{"line":33,"column":24}},"17":{"start":{"line":41,"column":0},"end":{"line":46,"column":2}},"18":{"start":{"line":42,"column":1},"end":{"line":45,"column":2}},"19":{"start":{"line":43,"column":2},"end":{"line":43,"column":19}},"20":{"start":{"line":44,"column":2},"end":{"line":44,"column":35}},"21":{"start":{"line":54,"column":0},"end":{"line":56,"column":2}},"22":{"start":{"line":55,"column":1},"end":{"line":55,"column":16}},"23":{"start":{"line":66,"column":0},"end":{"line":106,"column":2}},"24":{"start":{"line":68,"column":1},"end":{"line":68,"column":50}},"25":{"start":{"line":70,"column":1},"end":{"line":70,"column":15}},"26":{"start":{"line":71,"column":1},"end":{"line":71,"column":18}},"27":{"start":{"line":73,"column":1},"end":{"line":81,"column":4}},"28":{"start":{"line":74,"column":2},"end":{"line":76,"column":3}},"29":{"start":{"line":75,"column":3},"end":{"line":75,"column":18}},"30":{"start":{"line":78,"column":2},"end":{"line":80,"column":3}},"31":{"start":{"line":79,"column":3},"end":{"line":79,"column":17}},"32":{"start":{"line":83,"column":1},"end":{"line":89,"column":4}},"33":{"start":{"line":84,"column":2},"end":{"line":86,"column":3}},"34":{"start":{"line":85,"column":3},"end":{"line":85,"column":28}},"35":{"start":{"line":88,"column":2},"end":{"line":88,"column":13}},"36":{"start":{"line":91,"column":1},"end":{"line":91,"column":17}},"37":{"start":{"line":92,"column":1},"end":{"line":99,"column":4}},"38":{"start":{"line":93,"column":2},"end":{"line":96,"column":3}},"39":{"start":{"line":94,"column":3},"end":{"line":94,"column":27}},"40":{"start":{"line":95,"column":3},"end":{"line":95,"column":16}},"41":{"start":{"line":98,"column":2},"end":{"line":98,"column":12}},"42":{"start":{"line":101,"column":1},"end":{"line":103,"column":2}},"43":{"start":{"line":102,"column":2},"end":{"line":102,"column":32}},"44":{"start":{"line":105,"column":1},"end":{"line":105,"column":19}},"45":{"start":{"line":115,"column":0},"end":{"line":117,"column":2}},"46":{"start":{"line":116,"column":1},"end":{"line":116,"column":24}},"47":{"start":{"line":126,"column":0},"end":{"line":128,"column":2}},"48":{"start":{"line":127,"column":1},"end":{"line":127,"column":52}},"49":{"start":{"line":137,"column":0},"end":{"line":154,"column":2}},"50":{"start":{"line":138,"column":1},"end":{"line":138,"column":18}},"51":{"start":{"line":139,"column":1},"end":{"line":139,"column":42}},"52":{"start":{"line":141,"column":1},"end":{"line":143,"column":2}},"53":{"start":{"line":142,"column":2},"end":{"line":142,"column":44}},"54":{"start":{"line":145,"column":1},"end":{"line":147,"column":2}},"55":{"start":{"line":146,"column":2},"end":{"line":146,"column":27}},"56":{"start":{"line":149,"column":1},"end":{"line":149,"column":38}},"57":{"start":{"line":151,"column":1},"end":{"line":151,"column":32}},"58":{"start":{"line":153,"column":1},"end":{"line":153,"column":26}},"59":{"start":{"line":163,"column":0},"end":{"line":163,"column":28}},"60":{"start":{"line":170,"column":0},"end":{"line":197,"column":1}},"61":{"start":{"line":171,"column":1},"end":{"line":171,"column":37}},"62":{"start":{"line":172,"column":1},"end":{"line":172,"column":19}},"63":{"start":{"line":173,"column":1},"end":{"line":173,"column":20}},"64":{"start":{"line":174,"column":1},"end":{"line":174,"column":30}},"65":{"start":{"line":177,"column":1},"end":{"line":193,"column":4}},"66":{"start":{"line":196,"column":1},"end":{"line":196,"column":18}},"67":{"start":{"line":206,"column":0},"end":{"line":226,"column":2}},"68":{"start":{"line":207,"column":1},"end":{"line":207,"column":17}},"69":{"start":{"line":209,"column":1},"end":{"line":225,"column":4}},"70":{"start":{"line":210,"column":2},"end":{"line":212,"column":3}},"71":{"start":{"line":211,"column":3},"end":{"line":211,"column":53}},"72":{"start":{"line":217,"column":2},"end":{"line":217,"column":67}},"73":{"start":{"line":218,"column":2},"end":{"line":218,"column":53}},"74":{"start":{"line":222,"column":2},"end":{"line":222,"column":65}},"75":{"start":{"line":224,"column":2},"end":{"line":224,"column":52}},"76":{"start":{"line":235,"column":0},"end":{"line":242,"column":2}},"77":{"start":{"line":239,"column":1},"end":{"line":239,"column":54}},"78":{"start":{"line":241,"column":1},"end":{"line":241,"column":28}},"79":{"start":{"line":252,"column":0},"end":{"line":260,"column":2}},"80":{"start":{"line":255,"column":1},"end":{"line":255,"column":63}},"81":{"start":{"line":259,"column":1},"end":{"line":259,"column":69}},"82":{"start":{"line":271,"column":0},"end":{"line":297,"column":2}},"83":{"start":{"line":274,"column":1},"end":{"line":285,"column":2}},"84":{"start":{"line":275,"column":2},"end":{"line":275,"column":18}},"85":{"start":{"line":276,"column":2},"end":{"line":276,"column":32}},"86":{"start":{"line":278,"column":2},"end":{"line":278,"column":18}},"87":{"start":{"line":280,"column":2},"end":{"line":282,"column":5}},"88":{"start":{"line":281,"column":3},"end":{"line":281,"column":29}},"89":{"start":{"line":284,"column":2},"end":{"line":284,"column":9}},"90":{"start":{"line":288,"column":1},"end":{"line":288,"column":35}},"91":{"start":{"line":290,"column":1},"end":{"line":294,"column":2}},"92":{"start":{"line":291,"column":2},"end":{"line":291,"column":41}},"93":{"start":{"line":292,"column":2},"end":{"line":292,"column":35}},"94":{"start":{"line":293,"column":2},"end":{"line":293,"column":31}},"95":{"start":{"line":296,"column":1},"end":{"line":296,"column":14}},"96":{"start":{"line":307,"column":0},"end":{"line":309,"column":2}},"97":{"start":{"line":308,"column":1},"end":{"line":308,"column":26}},"98":{"start":{"line":318,"column":0},"end":{"line":332,"column":2}},"99":{"start":{"line":319,"column":1},"end":{"line":319,"column":45}},"100":{"start":{"line":320,"column":1},"end":{"line":320,"column":34}},"101":{"start":{"line":322,"column":1},"end":{"line":322,"column":17}},"102":{"start":{"line":324,"column":1},"end":{"line":331,"column":4}},"103":{"start":{"line":325,"column":2},"end":{"line":325,"column":35}},"104":{"start":{"line":326,"column":2},"end":{"line":326,"column":34}},"105":{"start":{"line":328,"column":2},"end":{"line":330,"column":3}},"106":{"start":{"line":329,"column":3},"end":{"line":329,"column":31}},"107":{"start":{"line":341,"column":0},"end":{"line":343,"column":2}},"108":{"start":{"line":342,"column":1},"end":{"line":342,"column":36}},"109":{"start":{"line":353,"column":0},"end":{"line":353,"column":43}},"110":{"start":{"line":362,"column":0},"end":{"line":424,"column":2}},"111":{"start":{"line":363,"column":1},"end":{"line":363,"column":17}},"112":{"start":{"line":368,"column":1},"end":{"line":382,"column":2}},"113":{"start":{"line":369,"column":2},"end":{"line":369,"column":19}},"114":{"start":{"line":370,"column":2},"end":{"line":370,"column":32}},"115":{"start":{"line":372,"column":2},"end":{"line":379,"column":5}},"116":{"start":{"line":373,"column":3},"end":{"line":373,"column":30}},"117":{"start":{"line":374,"column":3},"end":{"line":374,"column":23}},"118":{"start":{"line":375,"column":3},"end":{"line":375,"column":25}},"119":{"start":{"line":376,"column":3},"end":{"line":376,"column":27}},"120":{"start":{"line":378,"column":3},"end":{"line":378,"column":35}},"121":{"start":{"line":381,"column":2},"end":{"line":381,"column":9}},"122":{"start":{"line":387,"column":1},"end":{"line":395,"column":2}},"123":{"start":{"line":388,"column":2},"end":{"line":388,"column":23}},"124":{"start":{"line":390,"column":2},"end":{"line":392,"column":5}},"125":{"start":{"line":391,"column":3},"end":{"line":391,"column":42}},"126":{"start":{"line":394,"column":2},"end":{"line":394,"column":9}},"127":{"start":{"line":399,"column":1},"end":{"line":407,"column":2}},"128":{"start":{"line":400,"column":2},"end":{"line":400,"column":20}},"129":{"start":{"line":402,"column":2},"end":{"line":402,"column":24}},"130":{"start":{"line":404,"column":2},"end":{"line":406,"column":3}},"131":{"start":{"line":405,"column":3},"end":{"line":405,"column":22}},"132":{"start":{"line":411,"column":1},"end":{"line":413,"column":2}},"133":{"start":{"line":412,"column":2},"end":{"line":412,"column":27}},"134":{"start":{"line":418,"column":1},"end":{"line":423,"column":2}},"135":{"start":{"line":419,"column":2},"end":{"line":419,"column":42}},"136":{"start":{"line":420,"column":2},"end":{"line":420,"column":44}},"137":{"start":{"line":422,"column":2},"end":{"line":422,"column":41}},"138":{"start":{"line":433,"column":0},"end":{"line":435,"column":2}},"139":{"start":{"line":434,"column":1},"end":{"line":434,"column":41}},"140":{"start":{"line":446,"column":0},"end":{"line":448,"column":2}},"141":{"start":{"line":447,"column":1},"end":{"line":447,"column":37}},"142":{"start":{"line":459,"column":0},"end":{"line":461,"column":2}},"143":{"start":{"line":460,"column":1},"end":{"line":460,"column":36}},"144":{"start":{"line":472,"column":0},"end":{"line":474,"column":2}},"145":{"start":{"line":473,"column":1},"end":{"line":473,"column":37}},"146":{"start":{"line":483,"column":0},"end":{"line":513,"column":2}},"147":{"start":{"line":484,"column":1},"end":{"line":484,"column":17}},"148":{"start":{"line":486,"column":1},"end":{"line":488,"column":2}},"149":{"start":{"line":487,"column":2},"end":{"line":487,"column":15}},"150":{"start":{"line":490,"column":1},"end":{"line":490,"column":42}},"151":{"start":{"line":493,"column":1},"end":{"line":493,"column":25}},"152":{"start":{"line":495,"column":1},"end":{"line":508,"column":2}},"153":{"start":{"line":496,"column":2},"end":{"line":498,"column":3}},"154":{"start":{"line":497,"column":3},"end":{"line":497,"column":17}},"155":{"start":{"line":500,"column":2},"end":{"line":507,"column":5}},"156":{"start":{"line":504,"column":3},"end":{"line":504,"column":83}},"157":{"start":{"line":506,"column":3},"end":{"line":506,"column":38}},"158":{"start":{"line":510,"column":1},"end":{"line":512,"column":4}},"159":{"start":{"line":511,"column":2},"end":{"line":511,"column":25}},"160":{"start":{"line":522,"column":0},"end":{"line":532,"column":2}},"161":{"start":{"line":523,"column":1},"end":{"line":523,"column":45}},"162":{"start":{"line":527,"column":1},"end":{"line":529,"column":2}},"163":{"start":{"line":528,"column":2},"end":{"line":528,"column":47}},"164":{"start":{"line":531,"column":1},"end":{"line":531,"column":14}},"165":{"start":{"line":542,"column":0},"end":{"line":574,"column":2}},"166":{"start":{"line":544,"column":1},"end":{"line":544,"column":21}},"167":{"start":{"line":546,"column":1},"end":{"line":546,"column":26}},"168":{"start":{"line":547,"column":1},"end":{"line":547,"column":41}},"169":{"start":{"line":549,"column":1},"end":{"line":551,"column":2}},"170":{"start":{"line":550,"column":2},"end":{"line":550,"column":15}},"171":{"start":{"line":554,"column":1},"end":{"line":554,"column":53}},"172":{"start":{"line":555,"column":1},"end":{"line":555,"column":34}},"173":{"start":{"line":557,"column":1},"end":{"line":557,"column":17}},"174":{"start":{"line":559,"column":1},"end":{"line":571,"column":4}},"175":{"start":{"line":560,"column":2},"end":{"line":560,"column":28}},"176":{"start":{"line":562,"column":2},"end":{"line":568,"column":3}},"177":{"start":{"line":563,"column":3},"end":{"line":565,"column":6}},"178":{"start":{"line":564,"column":4},"end":{"line":564,"column":26}},"179":{"start":{"line":567,"column":3},"end":{"line":567,"column":28}},"180":{"start":{"line":570,"column":2},"end":{"line":570,"column":23}},"181":{"start":{"line":573,"column":1},"end":{"line":573,"column":31}},"182":{"start":{"line":583,"column":0},"end":{"line":610,"column":2}},"183":{"start":{"line":584,"column":1},"end":{"line":584,"column":17}},"184":{"start":{"line":586,"column":1},"end":{"line":586,"column":29}},"185":{"start":{"line":587,"column":1},"end":{"line":587,"column":23}},"186":{"start":{"line":589,"column":1},"end":{"line":592,"column":4}},"187":{"start":{"line":594,"column":1},"end":{"line":609,"column":16}},"188":{"start":{"line":596,"column":3},"end":{"line":596,"column":54}},"189":{"start":{"line":599,"column":3},"end":{"line":599,"column":35}},"190":{"start":{"line":602,"column":3},"end":{"line":602,"column":29}},"191":{"start":{"line":604,"column":3},"end":{"line":604,"column":28}},"192":{"start":{"line":607,"column":3},"end":{"line":607,"column":53}},"193":{"start":{"line":619,"column":0},"end":{"line":637,"column":2}},"194":{"start":{"line":620,"column":1},"end":{"line":620,"column":17}},"195":{"start":{"line":622,"column":1},"end":{"line":622,"column":29}},"196":{"start":{"line":624,"column":1},"end":{"line":624,"column":36}},"197":{"start":{"line":626,"column":1},"end":{"line":636,"column":16}},"198":{"start":{"line":628,"column":3},"end":{"line":628,"column":54}},"199":{"start":{"line":631,"column":3},"end":{"line":631,"column":55}},"200":{"start":{"line":634,"column":3},"end":{"line":634,"column":53}},"201":{"start":{"line":646,"column":0},"end":{"line":660,"column":2}},"202":{"start":{"line":647,"column":1},"end":{"line":647,"column":17}},"203":{"start":{"line":649,"column":1},"end":{"line":659,"column":16}},"204":{"start":{"line":651,"column":3},"end":{"line":651,"column":54}},"205":{"start":{"line":654,"column":3},"end":{"line":654,"column":54}},"206":{"start":{"line":657,"column":3},"end":{"line":657,"column":53}},"207":{"start":{"line":671,"column":0},"end":{"line":706,"column":2}},"208":{"start":{"line":672,"column":1},"end":{"line":672,"column":17}},"209":{"start":{"line":674,"column":1},"end":{"line":674,"column":26}},"210":{"start":{"line":676,"column":1},"end":{"line":678,"column":2}},"211":{"start":{"line":677,"column":2},"end":{"line":677,"column":81}},"212":{"start":{"line":680,"column":1},"end":{"line":705,"column":16}},"213":{"start":{"line":682,"column":3},"end":{"line":682,"column":54}},"214":{"start":{"line":685,"column":3},"end":{"line":685,"column":60}},"215":{"start":{"line":691,"column":3},"end":{"line":700,"column":6}},"216":{"start":{"line":693,"column":4},"end":{"line":693,"column":30}},"217":{"start":{"line":696,"column":4},"end":{"line":696,"column":24}},"218":{"start":{"line":699,"column":4},"end":{"line":699,"column":25}},"219":{"start":{"line":703,"column":3},"end":{"line":703,"column":53}},"220":{"start":{"line":715,"column":0},"end":{"line":722,"column":2}},"221":{"start":{"line":719,"column":1},"end":{"line":719,"column":74}},"222":{"start":{"line":721,"column":1},"end":{"line":721,"column":28}},"223":{"start":{"line":731,"column":0},"end":{"line":751,"column":2}},"224":{"start":{"line":732,"column":1},"end":{"line":732,"column":17}},"225":{"start":{"line":734,"column":1},"end":{"line":750,"column":4}},"226":{"start":{"line":735,"column":2},"end":{"line":737,"column":3}},"227":{"start":{"line":736,"column":3},"end":{"line":736,"column":63}},"228":{"start":{"line":742,"column":2},"end":{"line":742,"column":55}},"229":{"start":{"line":743,"column":2},"end":{"line":743,"column":63}},"230":{"start":{"line":747,"column":2},"end":{"line":747,"column":35}},"231":{"start":{"line":749,"column":2},"end":{"line":749,"column":41}},"232":{"start":{"line":761,"column":0},"end":{"line":764,"column":2}},"233":{"start":{"line":763,"column":1},"end":{"line":763,"column":56}},"234":{"start":{"line":774,"column":0},"end":{"line":777,"column":2}},"235":{"start":{"line":776,"column":1},"end":{"line":776,"column":57}},"236":{"start":{"line":788,"column":0},"end":{"line":791,"column":2}},"237":{"start":{"line":790,"column":1},"end":{"line":790,"column":67}},"238":{"start":{"line":803,"column":0},"end":{"line":805,"column":2}},"239":{"start":{"line":804,"column":1},"end":{"line":804,"column":64}},"240":{"start":{"line":815,"column":0},"end":{"line":817,"column":2}},"241":{"start":{"line":816,"column":1},"end":{"line":816,"column":20}},"242":{"start":{"line":827,"column":0},"end":{"line":829,"column":2}},"243":{"start":{"line":828,"column":1},"end":{"line":828,"column":59}},"244":{"start":{"line":839,"column":0},"end":{"line":841,"column":2}},"245":{"start":{"line":840,"column":1},"end":{"line":840,"column":57}},"246":{"start":{"line":851,"column":0},"end":{"line":854,"column":2}},"247":{"start":{"line":853,"column":1},"end":{"line":853,"column":58}},"248":{"start":{"line":863,"column":0},"end":{"line":867,"column":2}},"249":{"start":{"line":864,"column":1},"end":{"line":866,"column":4}},"250":{"start":{"line":865,"column":2},"end":{"line":865,"column":27}},"251":{"start":{"line":877,"column":0},"end":{"line":883,"column":2}},"252":{"start":{"line":878,"column":1},"end":{"line":878,"column":50}},"253":{"start":{"line":880,"column":1},"end":{"line":882,"column":4}},"254":{"start":{"line":881,"column":2},"end":{"line":881,"column":56}},"255":{"start":{"line":893,"column":0},"end":{"line":907,"column":2}},"256":{"start":{"line":894,"column":1},"end":{"line":894,"column":50}},"257":{"start":{"line":896,"column":1},"end":{"line":906,"column":4}},"258":{"start":{"line":897,"column":2},"end":{"line":897,"column":62}},"259":{"start":{"line":899,"column":2},"end":{"line":905,"column":6}},"260":{"start":{"line":902,"column":4},"end":{"line":902,"column":19}},"261":{"start":{"line":904,"column":4},"end":{"line":904,"column":19}},"262":{"start":{"line":912,"column":0},"end":{"line":934,"column":2}},"263":{"start":{"line":936,"column":0},"end":{"line":944,"column":3}},"264":{"start":{"line":937,"column":1},"end":{"line":943,"column":3}},"265":{"start":{"line":939,"column":2},"end":{"line":939,"column":50}},"266":{"start":{"line":940,"column":2},"end":{"line":940,"
[...]
lumn":3}},"158":{"start":{"line":490,"column":1},"end":{"line":510,"column":3}},"159":{"start":{"line":493,"column":2},"end":{"line":497,"column":3}},"160":{"start":{"line":494,"column":3},"end":{"line":494,"column":15}},"161":{"start":{"line":495,"column":3},"end":{"line":495,"column":22}},"162":{"start":{"line":496,"column":3},"end":{"line":496,"column":23}},"163":{"start":{"line":499,"column":2},"end":{"line":499,"column":30}},"164":{"start":{"line":500,"column":2},"end":{"line":500,"column":37}},"165":{"start":{"line":502,"column":2},"end":{"line":507,"column":3}},"166":{"start":{"line":503,"column":3},"end":{"line":503,"column":24}},"167":{"start":{"line":504,"column":3},"end":{"line":504,"column":37}},"168":{"start":{"line":506,"column":3},"end":{"line":506,"column":30}},"169":{"start":{"line":509,"column":2},"end":{"line":509,"column":14}},"170":{"start":{"line":514,"column":0},"end":{"line":523,"column":3}},"171":{"start":{"line":515,"column":1},"end":{"line":522,"column":3}},"172":{"start":{"line":516,"column":2},"end":{"line":516,"column":96}},"173":{"start":{"line":517,"column":2},"end":{"line":517,"column":30}},"174":{"start":{"line":519,"column":2},"end":{"line":519,"column":30}},"175":{"start":{"line":521,"column":2},"end":{"line":521,"column":14}},"176":{"start":{"line":530,"column":0},"end":{"line":530,"column":23}}},"branchMap":{"1":{"line":41,"type":"if","locations":[{"start":{"line":41,"column":1},"end":{"line":41,"column":1}},{"start":{"line":41,"column":1},"end":{"line":41,"column":1}}]},"2":{"line":51,"type":"if","locations":[{"start":{"line":51,"column":1},"end":{"line":51,"column":1}},{"start":{"line":51,"column":1},"end":{"line":51,"column":1}}]},"3":{"line":55,"type":"if","locations":[{"start":{"line":55,"column":2},"end":{"line":55,"column":2}},{"start":{"line":55,"column":2},"end":{"line":55,"column":2}}]},"4":{"line":62,"type":"if","locations":[{"start":{"line":62,"column":2},"end":{"line":62,"column":2}},{"start":{"line":62,"column":2},"end":{"line":62,"column":2}}]},"5":{"line":66,"type":"if","locations":[{"start":{"line":66,"column":2},"end":{"line":66,"column":2}},{"start":{"line":66,"column":2},"end":{"line":66,"column":2}}]},"6":{"line":86,"type":"if","locations":[{"start":{"line":86,"column":1},"end":{"line":86,"column":1}},{"start":{"line":86,"column":1},"end":{"line":86,"column":1}}]},"7":{"line":113,"type":"if","locations":[{"start":{"line":113,"column":1},"end":{"line":113,"column":1}},{"start":{"line":113,"column":1},"end":{"line":113,"column":1}}]},"8":{"line":119,"type":"if","locations":[{"start":{"line":119,"column":8},"end":{"line":119,"column":8}},{"start":{"line":119,"column":8},"end":{"line":119,"column":8}}]},"9":{"line":128,"type":"if","locations":[{"start":{"line":128,"column":1},"end":{"line":128,"column":1}},{"start":{"line":128,"column":1},"end":{"line":128,"column":1}}]},"10":{"line":129,"type":"cond-expr","locations":[{"start":{"line":129,"column":51},"end":{"line":129,"column":52}},{"start":{"line":129,"column":55},"end":{"line":129,"column":60}}]},"11":{"line":147,"type":"if","locations":[{"start":{"line":147,"column":1},"end":{"line":147,"column":1}},{"start":{"line":147,"column":1},"end":{"line":147,"column":1}}]},"12":{"line":153,"type":"if","locations":[{"start":{"line":153,"column":8},"end":{"line":153,"column":8}},{"start":{"line":153,"column":8},"end":{"line":153,"column":8}}]},"13":{"line":162,"type":"if","locations":[{"start":{"line":162,"column":1},"end":{"line":162,"column":1}},{"start":{"line":162,"column":1},"end":{"line":162,"column":1}}]},"14":{"line":163,"type":"cond-expr","locations":[{"start":{"line":163,"column":51},"end":{"line":163,"column":52}},{"start":{"line":163,"column":55},"end":{"line":163,"column":60}}]},"15":{"line":265,"type":"if","locations":[{"start":{"line":265,"column":1},"end":{"line":265,"column":1}},{"start":{"line":265,"column":1},"end":{"line":265,"column":1}}]},"16":{"line":269,"type":"if","locations":[{"start":{"line":269,"column":1},"end":{"line":269,"column":1}},{"start":{"line":269,"column":1},"end":{"line":269,"column":1}}]},"17":{"line":269,"type":"binary-expr","locations":[{"start":{"line":269,"column":5},"end":{"line":269,"column":19}},{"start":{"line":269,"column":23},"end":{"line":269,"column":28}}]},"18":{"line":305,"type":"if","locations":[{"start":{"line":305,"column":1},"end":{"line":305,"column":1}},{"start":{"line":305,"column":1},"end":{"line":305,"column":1}}]},"19":{"line":311,"type":"cond-expr","locations":[{"start":{"line":311,"column":54},"end":{"line":311,"column":58}},{"start":{"line":311,"column":61},"end":{"line":311,"column":67}}]},"20":{"line":370,"type":"if","locations":[{"start":{"line":370,"column":1},"end":{"line":370,"column":1}},{"start":{"line":370,"column":1},"end":{"line":370,"column":1}}]},"21":{"line":371,"type":"if","locations":[{"start":{"line":371,"column":2},"end":{"line":371,"column":2}},{"start":{"line":371,"column":2},"end":{"line":371,"column":2}}]},"22":{"line":372,"type":"if","locations":[{"start":{"line":372,"column":3},"end":{"line":372,"column":3}},{"start":{"line":372,"column":3},"end":{"line":372,"column":3}}]},"23":{"line":412,"type":"if","locations":[{"start":{"line":412,"column":7},"end":{"line":412,"column":7}},{"start":{"line":412,"column":7},"end":{"line":412,"column":7}}]},"24":{"line":412,"type":"binary-expr","locations":[{"start":{"line":412,"column":11},"end":{"line":412,"column":33}},{"start":{"line":412,"column":37},"end":{"line":412,"column":63}}]},"25":{"line":452,"type":"if","locations":[{"start":{"line":452,"column":1},"end":{"line":452,"column":1}},{"start":{"line":452,"column":1},"end":{"line":452,"column":1}}]},"26":{"line":493,"type":"if","locations":[{"start":{"line":493,"column":2},"end":{"line":493,"column":2}},{"start":{"line":493,"column":2},"end":{"line":493,"column":2}}]},"27":{"line":502,"type":"if","locations":[{"start":{"line":502,"column":2},"end":{"line":502,"column":2}},{"start":{"line":502,"column":2},"end":{"line":502,"column":2}}]},"28":{"line":516,"type":"cond-expr","locations":[{"start":{"line":516,"column":43},"end":{"line":516,"column":55}},{"start":{"line":516,"column":58},"end":{"line":516,"column":95}}]}},"code":["'use strict';","","/**","* Dependencies","*/","","const toObjectId = require('../util/to-objectid');","const Promise = require('bluebird');","const assign = require('object-assign');","const is = require('is_js');","","","/**","* Query","*/","","function Query (collection, model, key) {","\tthis.collection = collection;","\tthis.model = model;","\tthis.query = {};","\tthis.options = {","\t\tpopulate: {},","\t\tsort: {},","\t\tfields: {}","\t};","\tthis.lastKey = key;","}","","","/**"," * Set \"where\" condition"," *"," * @param {String} key - key"," * @param {Mixed} value - value"," * @api public"," */","","Query.prototype.where = function (key, value) {","\t// if object was passed instead of key-value pair","\t// iterate over that object and call .where(key, value)","\tif (is.object(key)) {","\t\tlet conditions = key;","\t\tlet keys = Object.keys(conditions);","\t\tlet self = this;","","\t\tkeys.forEach(function (key) {","\t\t\tself.where(key, conditions[key]);","\t\t});","\t}","","\tif (is.string(key)) {","\t\t// if only one argument was supplied","\t\t// save the key in this.lastKey","\t\t// for future methods, like .equals()","\t\tif (is.undefined(value)) {","\t\t\tthis.lastKey = key;","\t\t\treturn this;","\t\t}","","\t\t// if value is a regular expression","\t\t// use $regex modifier","\t\tif (is.regexp(value)) {","\t\t\tvalue = { $regex: value };","\t\t}","","\t\tif (is.array(value)) {","\t\t\tvalue = { $in: value };","\t\t}","","\t\tthis.query[key] = value;","\t}","","\treturn this;","};","","","/**"," * Match documents using $elemMatch"," *"," * @param {String} key"," * @param {Object} value"," * @api public"," */","","Query.prototype.matches = function (key, value) {","\tif (this.lastKey) {","\t\tvalue = key;","\t\tkey = this.lastKey;","\t\tthis.lastKey = null;","\t}","","\tthis.query[key] = { $elemMatch: value };","","\treturn this;","};","","Query.prototype.match = function () {","\treturn this.matches.apply(this, arguments);","};","","","/**"," * Include fields in a result"," *"," * @param {String} key"," * @param {Mixed} value"," * @api public"," */","","Query.prototype.include = function (key, value) {","\tlet self = this;","","\tif (Array.isArray(key)) {","\t\tlet fields = key;","","\t\tfields.forEach(function (key) {","\t\t\tself.include(key);","\t\t});","\t} else if (is.object(key)) {","\t\tlet fields = key;","\t\tlet keys = Object.keys(fields);","","\t\tkeys.forEach(function (key) {","\t\t\tself.include(key, fields[key]);","\t\t});","\t}","","\tif (is.string(key)) {","\t\tthis.options.fields[key] = value === undefined ? 1 : value;","\t}","","\treturn this;","};","","","/**"," * Exclude fields from result"," *"," * @param {String} key"," * @param {String} value"," * @api public"," */","","Query.prototype.exclude = function (key, value) {","\tlet self = this;","","\tif (Array.isArray(key)) {","\t\tlet fields = key;","","\t\tfields.forEach(function (key) {","\t\t\tself.exclude(key);","\t\t});","\t} else if (is.object(key)) {","\t\tlet fields = key;","\t\tlet keys = Object.keys(fields);","","\t\tkeys.forEach(function (key) {","\t\t\tself.exclude(key, fields[key]);","\t\t});","\t}","","\tif (is.string(key)) {","\t\tthis.options.fields[key] = value === undefined ? 0 : value;","\t}","","\treturn this;","};","","","/**"," * Search using text index"," *"," * @param {String} text"," * @api public"," */","","Query.prototype.search = function (text) {","\tthis.where({","\t\t'$text': {","\t\t\t'$search': text","\t\t}","\t});","","\treturn this;","};","","/**"," * Get distinct"," *"," * @param {String} field for distinct"," * @param {Object} query - query to filter the results"," * @see http://mongodb.github.io/node-mongodb-native/2.0/api/Collection.html#distinct"," * @api public"," */","","Query.prototype.distinct = function (field, query) {","\tlet self = this;","\tthis.where(query);","\treturn this.collection.then(function (collection) {","\t\treturn collection.distinct(field, self.query);","\t});","};","","/**"," * Aggregation query"," *"," * @param {String} pipeline aggregation pipeline"," * @param {Object} options - Options to be passed to aggregation pipeline"," * @see http://mongodb.github.io/node-mongodb-native/2.0/api/Collection.html#aggregate"," * @api public"," */","","Query.prototype.aggregate = function (pipeline) {","\treturn this.collection.then(function (collection) {","\t\tlet cursor = collection.aggregate(pipeline, { cursor: { batchSize: 1 } });","\t\treturn cursor","\t\t\t.toArray()","\t\t\t.then(function (docs) {","\t\t\t\tcursor.close();","\t\t\t\treturn docs;","\t\t\t});","\t});","};","","","","","/**"," * Set query limit"," *"," * @param {Number} limit - limit number"," * @api public"," */","","Query.prototype.limit = function (limit) {","\tthis.options.limit = limit;","","\treturn this;","};","","","/**"," * Set query skip"," *"," * @param {Number} skip - skip number"," * @api public"," */","","Query.prototype.skip = function (skip) {","\tthis.options.skip = skip;","","\treturn this;","};","","","/**"," * Sort query results"," *"," * @param {Object} sort - sort params"," * @see http://mongodb.github.io/node-mongodb-native/2.0/api/Cursor.html#sort"," * @api public"," */","","Query.prototype.sort = function (key, value) {","\tif (is.object(key)) {","\t\tassign(this.options.sort, key);","\t}","","\tif (is.string(key) && value) {","\t\tthis.options.sort[key] = value;","\t}","","\treturn this;","};","","","/**"," * Same as .where(), only less flexible"," *"," * @param {String} key - key"," * @param {Mixed} value - value"," * @api public"," */","","Query.prototype.equals = function (value) {","\tlet key = this.lastKey;","","\tthis.lastKey = null;","","\tthis.query[key] = value;","","\treturn this;","};","","","/**"," * Set property that must or mustn't exist in resulting docs"," *"," * @param {String} key - key"," * @param {Boolean} exists - exists or not"," * @api public"," */","","Query.prototype.exists = function (key, exists) {","\tif (this.lastKey) {","\t\texists = key;","\t\tkey = this.lastKey;","\t\tthis.lastKey = null;","\t}","","\tthis.query[key] = { $exists: (exists === undefined ? true : exists) };","","\treturn this;","};","","","/**"," * Query population"," *"," * @param {String} key - key"," * @param {Model} model - model to populate with"," * @see http://mongorito.com/guides/query-population/"," * @api public"," */","","Query.prototype.populate = function (key, model) {","\tthis.options.populate[key] = model;","","\treturn this;","};","","","/**"," * Count documents"," *"," * @param {Object} query - find conditions, same as this.where()"," * @api public"," */","","Query.prototype.count = function (query) {","\tlet self = this;","","\tthis.where(query);","","\treturn this.collection.then(function (collection) {","\t\treturn collection.count(self.query);","\t});","};","","","/**"," * Find documents"," *"," * @param {Object} query - find conditions, same as this.where()"," * @api public"," */","","Query.prototype.find = function (query, options) {","\tlet Model = this.model;","","\tquery = assign({}, this.query, query);","","\t// query options","\toptions = assign({}, this.options, options);","","\t// fields to populate","\tlet populate = Object.keys(options.populate);","","\t// ensure _id is ObjectId","\tif (query._id) {","\t\tif (is.object(query._id)) {","\t\t\tif (query._id.$in) {","\t\t\t\tlet convertedIds = [];","","\t\t\t\tquery._id.$in.forEach(function (id) {","\t\t\t\t\tconvertedIds.push(toObjectId(id));","\t\t\t\t});","","\t\t\t\tquery._id.$in = convertedIds;","\t\t\t}","\t\t} else {","\t\t\tquery._id = toObjectId(query._id);","\t\t}","\t}","","\t// find","\treturn this.collection","\t\t.then(function (collection) {","\t\t\tlet cursor = collection.find(query, options);","","\t\t\treturn cursor","\t\t\t\t.toArray()","\t\t\t\t.then(function (docs) {","\t\t\t\t\tcursor.close();","","\t\t\t\t\treturn docs;","\t\t\t\t});","\t\t})","\t\t.map(function (doc) {","\t\t\treturn Promise.each(populate, function (key) {","\t\t\t\tlet childModel = options.populate[key];","\t\t\t\tlet idsArray = doc[key];","","\t\t\t\tlet promise = childModel.findById(idsArray);","","\t\t\t\treturn promise.then(function (subdocs) {","\t\t\t\t\t// reorder the received documents as ordered in the IDs Array","\t\t\t\t\tlet orderedDocuments = idsArray.slice();","\t\t\t\t\tsubdocs.map(doc => {","\t\t\t\t\t\tlet id = toObjectId(doc.get('_id'));","\t\t\t\t\t\tfor (let index in idsArray) {","\t\t\t\t\t\t\tif (idsArray[index].equals && idsArray[index].equals(id)) {","\t\t\t\t\t\t\t\torderedDocuments[index] = doc;","\t\t\t\t\t\t\t}","\t\t\t\t\t\t}","\t\t\t\t\t});","","\t\t\t\t\tdoc[key] = orderedDocuments;","\t\t\t\t});","\t\t\t}).then(function () {","\t\t\t\treturn new Model(doc, {","\t\t\t\t\tpopulate: options.populate","\t\t\t\t});","\t\t\t});","\t\t});","};","","","/**"," * Find one document"," *"," * @param {Object} query - find conditions, same as this.where()"," * @api public"," */","","Query.prototype.findOne = function (query) {","\treturn this.find(query)","\t\t.then(function (docs) {","\t\t\treturn docs[0];","\t\t});","};","","","/**"," * Find documents by ID"," *"," * @param {ObjectID} id - document id or Array of document ids"," * @api public"," */","","Query.prototype.findById = function (id) {","\tif (Array.isArray(id)) {","\t\tlet ids = id.map(id => toObjectId(id));","\t\treturn this.find({ _id: { $in: ids } });","\t}","\treturn this.findOne({ _id: toObjectId(id) });","};","","","/**"," * Remove documents"," *"," * @param {Object} query - remove conditions, same as this.where()"," * @api public"," */","","Query.prototype.remove = function (query) {","\tlet self = this;","","\tthis.where(query);","","\treturn this.collection.then(function (collection) {","\t\treturn collection.remove(self.query, self.options);","\t});","};","","// Setting up functions that","// have the same implementation","const methods = [","\t'lt',","\t'lte',","\t'gt',","\t'gte',","\t'in',","\t'nin',","\t'ne'","];","","methods.forEach(function (method) {","\tQuery.prototype[method] = function (key, value) {","\t\t// if .where() was called with one argument","\t\t// key was already set in this.lastKey","\t\tif (this.lastKey) {","\t\t\tvalue = key;","\t\t\tkey = this.lastKey;","\t\t\tthis.lastKey = null;","\t\t}","","\t\tlet operator = '$' + method;","\t\tlet hasValue = value !== undefined;","","\t\tif (hasValue) {","\t\t\tthis.query[key] = {};","\t\t\tthis.query[key][operator] = value;","\t\t} else {","\t\t\tthis.query[operator] = key;","\t\t}","","\t\treturn this;","\t};","});","","// or, nor and and share the same imlpementation","['or', 'nor', 'and'].forEach(function (method) {","\tQuery.prototype[method] = function () {","\t\tlet args = Array.isArray(arguments[0]) ? arguments[0] : Array.prototype.slice.call(arguments);","\t\tlet operator = '$' + method;","","\t\tthis.query[operator] = args;","","\t\treturn this;","\t};","});","","","/**"," * Expose Query"," */","","module.exports = Query;",""],"l":{"7":1,"8":1,"9":1,"10":1,"17":1,"18":0,"19":0,"20":0,"21":0,"26":0,"38":1,"41":0,"42":0,"43":0,"44":0,"46":0,"47":0,"51":0,"55":0,"56":0,"57":0,"62":0,"63":0,"66":0,"67":0,"70":0,"73":0,"85":1,"86":0,"87":0,"88":0,"89":0,"92":0,"94":0,"97":1,"98":0,"110":1,"111":0,"113":0,"114":0,"116":0,"117":0,"119":0,"120":0,"121":0,"123":0,"124":0,"128":0,"129":0,"132":0,"144":1,"145":0,"147":0,"148":0,"150":0,"151":0,"153":0,"154":0,"155":0,"157":0,"158":0,"162":0,"163":0,"166":0,"177":1,"178":0,"184":0,"196":1,"197":0,"198":0,"199":0,"200":0,"213":1,"214":0,"215":0,"216":0,"219":0,"220":0,"235":1,"236":0,"238":0,"249":1,"250":0,"252":0,"264":1,"265":0,"266":0,"269":0,"270":0,"273":0,"285":1,"286":0,"288":0,"290":0,"292":0,"304":1,"305":0,"306":0,"307":0,"308":0,"311":0,"313":0,"326":1,"327":0,"329":0,"340":1,"341":0,"343":0,"345":0,"346":0,"358":1,"359":0,"361":0,"364":0,"367":0,"370":0,"371":0,"372":0,"373":0,"375":0,"376":0,"379":0,"382":0,"387":0,"389":0,"391":0,"394":0,"396":0,"400":0,"401":0,"402":0,"404":0,"406":0,"408":0,"409":0,"410":0,"411":0,"412":0,"413":0,"418":0,"421":0,"436":1,"437":0,"439":0,"451":1,"452":0,"453":0,"454":0,"456":0,"467":1,"468":0,"470":0,"472":0,"473":0,"479":1,"489":1,"490":7,"493":0,"494":0,"495":0,"496":0,"499":0,"500":0,"502":0,"503":0,"504":0,"506":0,"509":0,"514":1,"515":3,"516":0,"517":0,"519":0,"521":0,"530":1}},"/home/travis/build/npmtest/node-npmtest-mongorito/node_modules/mongorito/util/to-objectid.js":{"path":"/home/travis/build/npmtest/node-npmtest-mongorito/node_modules/mongorito/util/to-objectid.js","s":{"1":1,"2":1,"3":1,"4":0,"5":0,"6":0},"b":{"1":[0,0]},"f":{"1":0},"fnMap":{"1":{"name":"toObjectId","line":21,"loc":{"start":{"line":21,"column":0},"end":{"line":21,"column":25}}}},"statementMap":{"1":{"start":{"line":7,"column":0},"end":{"line":7,"column":45}},"2":{"start":{"line":14,"column":0},"end":{"line":14,"column":28}},"3":{"start":{"line":21,"column":0},"end":{"line":27,"column":1}},"4":{"start":{"line":22,"column":1},"end":{"line":24,"column":2}},"5":{"start":{"line":23,"column":2},"end":{"line":23,"column":12}},"6":{"start":{"line":26,"column":1},"end":{"line":26,"column":25}}},"branchMap":{"1":{"line":22,"type":"if","locations":[{"start":{"line":22,"column":1},"end":{"line":22,"column":1}},{"start":{"line":22,"column":1},"end":{"line":22,"column":1}}]}},"code":["'use strict';","","/**"," * Dependencies"," */","","const ObjectId = require('mongodb').ObjectId;","","","/**"," * Expose `to-objectid`"," */","","module.exports = toObjectId;","","","/**"," * Ensure that ids are always instances of ObjectId"," */","","function toObjectId (id) {","\tif (id instanceof ObjectId) {","\t\treturn id;","\t}","","\treturn new ObjectId(id);","}",""],"l":{"7":1,"14":1,"21":1,"22":0,"23":0,"26":0}}}